{"contracts\\Constants.sol":{"l":{},"path":"C:\\Users\\pedro\\Documents\\GitHub\\hesty-contract\\contracts\\Constants.sol","s":{},"b":{},"f":{},"fnMap":{},"statementMap":{},"branchMap":{}},"contracts\\HestyAccessControl.sol":{"l":{"30":156,"40":32,"41":23,"45":0,"46":0,"50":20,"51":14,"55":24,"56":22,"60":10,"61":8,"86":8,"87":7,"97":6,"98":4,"108":17,"110":16,"112":15,"114":15,"116":15,"118":0,"119":0,"124":16,"134":5,"135":3,"144":5,"153":3,"158":0,"174":44},"path":"C:\\Users\\pedro\\Documents\\GitHub\\hesty-contract\\contracts\\HestyAccessControl.sol","s":{"1":32,"2":0,"3":20,"4":24,"5":10,"6":8,"7":6,"8":17,"9":16,"10":15,"11":15,"12":0,"13":0,"14":5,"15":5,"16":3,"17":44},"b":{"1":[23,9],"2":[0,0],"3":[14,6],"4":[22,2],"5":[8,2],"6":[23,9],"7":[0,0],"8":[8,4],"9":[7,1],"10":[6,2],"11":[4,2],"12":[17,1],"13":[16,1],"14":[15,1],"15":[0,15],"16":[0,0],"17":[5,1],"18":[3,2],"19":[5,1],"20":[3,1],"21":[0,0]},"f":{"1":156,"2":32,"3":0,"4":20,"5":24,"6":10,"7":23,"8":0,"9":8,"10":6,"11":17,"12":5,"13":5,"14":3,"15":0,"16":44},"fnMap":{"1":{"name":"constructor","line":29,"loc":{"start":{"line":26,"column":4},"end":{"line":31,"column":4}}},"2":{"name":"onlyAdminManager","line":39,"loc":{"start":{"line":39,"column":4},"end":{"line":42,"column":4}}},"3":{"name":"onlyFundManager","line":44,"loc":{"start":{"line":44,"column":4},"end":{"line":47,"column":4}}},"4":{"name":"onlyBlackListManager","line":49,"loc":{"start":{"line":49,"column":4},"end":{"line":52,"column":4}}},"5":{"name":"onlyKYCManager","line":54,"loc":{"start":{"line":54,"column":4},"end":{"line":57,"column":4}}},"6":{"name":"onlyPauserManager","line":59,"loc":{"start":{"line":59,"column":4},"end":{"line":62,"column":4}}},"7":{"name":"onlyAdmin","line":75,"loc":{"start":{"line":75,"column":4},"end":{"line":75,"column":75}}},"8":{"name":"onlyFundsManager","line":77,"loc":{"start":{"line":77,"column":4},"end":{"line":77,"column":81}}},"9":{"name":"blacklistUser","line":85,"loc":{"start":{"line":85,"column":4},"end":{"line":88,"column":4}}},"10":{"name":"unBlacklistUser","line":96,"loc":{"start":{"line":96,"column":4},"end":{"line":99,"column":4}}},"11":{"name":"approveUserKYC","line":107,"loc":{"start":{"line":107,"column":4},"end":{"line":125,"column":4}}},"12":{"name":"revertUserKYC","line":133,"loc":{"start":{"line":133,"column":4},"end":{"line":136,"column":4}}},"13":{"name":"pause","line":143,"loc":{"start":{"line":143,"column":4},"end":{"line":145,"column":4}}},"14":{"name":"unpause","line":152,"loc":{"start":{"line":152,"column":4},"end":{"line":154,"column":4}}},"15":{"name":"setSponsorAmount","line":157,"loc":{"start":{"line":157,"column":4},"end":{"line":159,"column":4}}},"16":{"name":"paused","line":173,"loc":{"start":{"line":173,"column":4},"end":{"line":175,"column":4}}}},"statementMap":{"1":{"start":{"line":40,"column":8},"end":{"line":40,"column":73}},"2":{"start":{"line":45,"column":8},"end":{"line":45,"column":68}},"3":{"start":{"line":50,"column":8},"end":{"line":50,"column":76}},"4":{"start":{"line":55,"column":8},"end":{"line":55,"column":64}},"5":{"start":{"line":60,"column":8},"end":{"line":60,"column":70}},"6":{"start":{"line":86,"column":8},"end":{"line":86,"column":55}},"7":{"start":{"line":97,"column":8},"end":{"line":97,"column":50}},"8":{"start":{"line":108,"column":8},"end":{"line":108,"column":55}},"9":{"start":{"line":110,"column":8},"end":{"line":110,"column":3636}},"10":{"start":{"line":114,"column":12},"end":{"line":114,"column":46}},"11":{"start":{"line":116,"column":12},"end":{"line":116,"column":3775}},"12":{"start":{"line":118,"column":16},"end":{"line":118,"column":93}},"13":{"start":{"line":119,"column":16},"end":{"line":119,"column":52}},"14":{"start":{"line":134,"column":8},"end":{"line":134,"column":54}},"15":{"start":{"line":144,"column":8},"end":{"line":144,"column":21}},"16":{"start":{"line":153,"column":8},"end":{"line":153,"column":23}},"17":{"start":{"line":174,"column":8},"end":{"line":174,"column":29}}},"branchMap":{"1":{"line":40,"type":"if","locations":[{"start":{"line":40,"column":8},"end":{"line":40,"column":8}},{"start":{"line":40,"column":8},"end":{"line":40,"column":8}}]},"2":{"line":45,"type":"if","locations":[{"start":{"line":45,"column":8},"end":{"line":45,"column":8}},{"start":{"line":45,"column":8},"end":{"line":45,"column":8}}]},"3":{"line":50,"type":"if","locations":[{"start":{"line":50,"column":8},"end":{"line":50,"column":8}},{"start":{"line":50,"column":8},"end":{"line":50,"column":8}}]},"4":{"line":55,"type":"if","locations":[{"start":{"line":55,"column":8},"end":{"line":55,"column":8}},{"start":{"line":55,"column":8},"end":{"line":55,"column":8}}]},"5":{"line":60,"type":"if","locations":[{"start":{"line":60,"column":8},"end":{"line":60,"column":8}},{"start":{"line":60,"column":8},"end":{"line":60,"column":8}}]},"6":{"line":75,"type":"if","locations":[{"start":{"line":75,"column":40},"end":{"line":75,"column":40}},{"start":{"line":75,"column":40},"end":{"line":75,"column":40}}]},"7":{"line":77,"type":"if","locations":[{"start":{"line":77,"column":56},"end":{"line":77,"column":56}},{"start":{"line":77,"column":56},"end":{"line":77,"column":56}}]},"8":{"line":85,"type":"if","locations":[{"start":{"line":85,"column":50},"end":{"line":85,"column":50}},{"start":{"line":85,"column":50},"end":{"line":85,"column":50}}]},"9":{"line":86,"type":"if","locations":[{"start":{"line":86,"column":8},"end":{"line":86,"column":8}},{"start":{"line":86,"column":8},"end":{"line":86,"column":8}}]},"10":{"line":96,"type":"if","locations":[{"start":{"line":96,"column":52},"end":{"line":96,"column":52}},{"start":{"line":96,"column":52},"end":{"line":96,"column":52}}]},"11":{"line":97,"type":"if","locations":[{"start":{"line":97,"column":8},"end":{"line":97,"column":8}},{"start":{"line":97,"column":8},"end":{"line":97,"column":8}}]},"12":{"line":107,"type":"if","locations":[{"start":{"line":107,"column":51},"end":{"line":107,"column":51}},{"start":{"line":107,"column":51},"end":{"line":107,"column":51}}]},"13":{"line":108,"type":"if","locations":[{"start":{"line":108,"column":8},"end":{"line":108,"column":8}},{"start":{"line":108,"column":8},"end":{"line":108,"column":8}}]},"14":{"line":110,"type":"if","locations":[{"start":{"line":110,"column":8},"end":{"line":110,"column":8}},{"start":{"line":110,"column":8},"end":{"line":110,"column":8}}]},"15":{"line":116,"type":"if","locations":[{"start":{"line":116,"column":12},"end":{"line":116,"column":12}},{"start":{"line":116,"column":12},"end":{"line":116,"column":12}}]},"16":{"line":119,"type":"if","locations":[{"start":{"line":119,"column":16},"end":{"line":119,"column":16}},{"start":{"line":119,"column":16},"end":{"line":119,"column":16}}]},"17":{"line":133,"type":"if","locations":[{"start":{"line":133,"column":50},"end":{"line":133,"column":50}},{"start":{"line":133,"column":50},"end":{"line":133,"column":50}}]},"18":{"line":134,"type":"if","locations":[{"start":{"line":134,"column":8},"end":{"line":134,"column":8}},{"start":{"line":134,"column":8},"end":{"line":134,"column":8}}]},"19":{"line":143,"type":"if","locations":[{"start":{"line":143,"column":30},"end":{"line":143,"column":30}},{"start":{"line":143,"column":30},"end":{"line":143,"column":30}}]},"20":{"line":152,"type":"if","locations":[{"start":{"line":152,"column":32},"end":{"line":152,"column":32}},{"start":{"line":152,"column":32},"end":{"line":152,"column":32}}]},"21":{"line":157,"type":"if","locations":[{"start":{"line":157,"column":58},"end":{"line":157,"column":58}},{"start":{"line":157,"column":58},"end":{"line":157,"column":58}}]}}},"contracts\\HestyRouter.sol":{"l":{"35":3,"36":2,"40":0,"41":0,"45":0,"46":0,"50":0,"51":0,"65":6,"66":6,"76":0,"86":0,"94":0,"95":0,"99":2,"100":1,"102":1},"path":"C:\\Users\\pedro\\Documents\\GitHub\\hesty-contract\\contracts\\HestyRouter.sol","s":{"1":3,"2":0,"3":0,"4":0,"5":0,"6":0,"7":0,"8":2,"9":1},"b":{"1":[0,0],"2":[0,0],"3":[0,0],"4":[0,0],"5":[0,0],"6":[0,0],"7":[0,0],"8":[0,0],"9":[2,1],"10":[1,1]},"f":{"1":3,"2":0,"3":0,"4":0,"5":6,"6":0,"7":0,"8":0,"9":0,"10":2},"fnMap":{"1":{"name":"onlyAdmin","line":34,"loc":{"start":{"line":34,"column":4},"end":{"line":37,"column":4}}},"2":{"name":"onlyBlackListManager","line":39,"loc":{"start":{"line":39,"column":4},"end":{"line":42,"column":4}}},"3":{"name":"onlyKYCManager","line":44,"loc":{"start":{"line":44,"column":4},"end":{"line":47,"column":4}}},"4":{"name":"onlyPauserManager","line":49,"loc":{"start":{"line":49,"column":4},"end":{"line":52,"column":4}}},"5":{"name":"constructor","line":64,"loc":{"start":{"line":61,"column":4},"end":{"line":67,"column":4}}},"6":{"name":"adminDistribution","line":75,"loc":{"start":{"line":75,"column":4},"end":{"line":77,"column":4}}},"7":{"name":"offChainBuyTokens","line":85,"loc":{"start":{"line":85,"column":4},"end":{"line":87,"column":4}}},"8":{"name":"revertUserBuyTokens","line":89,"loc":{"start":{"line":89,"column":4},"end":{"line":91,"column":4}}},"9":{"name":"setHestyAccessControlCtr","line":93,"loc":{"start":{"line":93,"column":4},"end":{"line":96,"column":4}}},"10":{"name":"setNewTokenFactory","line":98,"loc":{"start":{"line":98,"column":4},"end":{"line":103,"column":4}}}},"statementMap":{"1":{"start":{"line":35,"column":8},"end":{"line":35,"column":68}},"2":{"start":{"line":40,"column":8},"end":{"line":40,"column":76}},"3":{"start":{"line":45,"column":8},"end":{"line":45,"column":64}},"4":{"start":{"line":50,"column":8},"end":{"line":50,"column":70}},"5":{"start":{"line":76,"column":8},"end":{"line":76,"column":72}},"6":{"start":{"line":86,"column":8},"end":{"line":86,"column":81}},"7":{"start":{"line":94,"column":8},"end":{"line":94,"column":52}},"8":{"start":{"line":99,"column":8},"end":{"line":99,"column":52}},"9":{"start":{"line":102,"column":8},"end":{"line":102,"column":40}}},"branchMap":{"1":{"line":40,"type":"if","locations":[{"start":{"line":40,"column":8},"end":{"line":40,"column":8}},{"start":{"line":40,"column":8},"end":{"line":40,"column":8}}]},"2":{"line":45,"type":"if","locations":[{"start":{"line":45,"column":8},"end":{"line":45,"column":8}},{"start":{"line":45,"column":8},"end":{"line":45,"column":8}}]},"3":{"line":50,"type":"if","locations":[{"start":{"line":50,"column":8},"end":{"line":50,"column":8}},{"start":{"line":50,"column":8},"end":{"line":50,"column":8}}]},"4":{"line":75,"type":"if","locations":[{"start":{"line":75,"column":76},"end":{"line":75,"column":76}},{"start":{"line":75,"column":76},"end":{"line":75,"column":76}}]},"5":{"line":85,"type":"if","locations":[{"start":{"line":85,"column":96},"end":{"line":85,"column":96}},{"start":{"line":85,"column":96},"end":{"line":85,"column":96}}]},"6":{"line":89,"type":"if","locations":[{"start":{"line":89,"column":44},"end":{"line":89,"column":44}},{"start":{"line":89,"column":44},"end":{"line":89,"column":44}}]},"7":{"line":93,"type":"if","locations":[{"start":{"line":93,"column":67},"end":{"line":93,"column":67}},{"start":{"line":93,"column":67},"end":{"line":93,"column":67}}]},"8":{"line":94,"type":"if","locations":[{"start":{"line":94,"column":8},"end":{"line":94,"column":8}},{"start":{"line":94,"column":8},"end":{"line":94,"column":8}}]},"9":{"line":98,"type":"if","locations":[{"start":{"line":98,"column":61},"end":{"line":98,"column":61}},{"start":{"line":98,"column":61},"end":{"line":98,"column":61}}]},"10":{"line":99,"type":"if","locations":[{"start":{"line":99,"column":8},"end":{"line":99,"column":8}},{"start":{"line":99,"column":8},"end":{"line":99,"column":8}}]}}},"contracts\\interfaces\\IHestyAccessControl.sol":{"l":{},"path":"C:\\Users\\pedro\\Documents\\GitHub\\hesty-contract\\contracts\\interfaces\\IHestyAccessControl.sol","s":{},"b":{},"f":{},"fnMap":{},"statementMap":{},"branchMap":{}},"contracts\\interfaces\\IReferral.sol":{"l":{},"path":"C:\\Users\\pedro\\Documents\\GitHub\\hesty-contract\\contracts\\interfaces\\IReferral.sol","s":{},"b":{},"f":{},"fnMap":{},"statementMap":{},"branchMap":{}},"contracts\\interfaces\\ITokenFactory.sol":{"l":{},"path":"C:\\Users\\pedro\\Documents\\GitHub\\hesty-contract\\contracts\\interfaces\\ITokenFactory.sol","s":{},"b":{},"f":{},"fnMap":{},"statementMap":{},"branchMap":{}},"contracts\\PropertyToken.sol":{"l":{"41":14,"42":12,"46":0,"47":0,"51":11,"52":11,"56":11,"57":10,"61":10,"62":10,"90":37,"92":37,"93":37,"110":2,"112":1,"114":1,"116":1,"125":0,"150":20,"151":20,"153":20,"154":0,"155":0,"175":7,"176":7,"177":7,"198":3,"199":3,"200":3,"204":7,"208":5},"path":"C:\\Users\\pedro\\Documents\\GitHub\\hesty-contract\\contracts\\PropertyToken.sol","s":{"1":14,"2":0,"3":11,"4":11,"5":10,"6":37,"7":2,"8":1,"9":1,"10":0,"11":20,"12":20,"13":0,"14":0,"15":7,"16":7,"17":7,"18":3,"19":3,"20":3,"21":7,"22":5},"b":{"1":[12,2],"2":[0,0],"3":[11,0],"4":[10,1],"5":[10,0],"6":[1,1],"7":[1,0],"8":[0,20],"9":[0,0],"10":[8,0],"11":[7,1],"12":[7,0],"13":[3,0],"14":[3,0],"15":[3,0],"16":[7,1],"17":[5,1]},"f":{"1":14,"2":0,"3":11,"4":11,"5":10,"6":37,"7":2,"8":0,"9":20,"10":7,"11":3,"12":7,"13":5},"fnMap":{"1":{"name":"onlyPauser","line":40,"loc":{"start":{"line":40,"column":4},"end":{"line":43,"column":4}}},"2":{"name":"onlyBlackLister","line":45,"loc":{"start":{"line":45,"column":4},"end":{"line":48,"column":4}}},"3":{"name":"whenNotBlackListed","line":50,"loc":{"start":{"line":50,"column":4},"end":{"line":53,"column":4}}},"4":{"name":"whenKYCApproved","line":55,"loc":{"start":{"line":55,"column":4},"end":{"line":58,"column":4}}},"5":{"name":"whenNotAllPaused","line":60,"loc":{"start":{"line":60,"column":4},"end":{"line":63,"column":4}}},"6":{"name":"constructor","line":87,"loc":{"start":{"line":77,"column":4},"end":{"line":95,"column":4}}},"7":{"name":"distributionRewards","line":108,"loc":{"start":{"line":108,"column":4},"end":{"line":118,"column":4}}},"8":{"name":"claimDividensExternal","line":124,"loc":{"start":{"line":124,"column":4},"end":{"line":126,"column":4}}},"9":{"name":"claimDividends","line":148,"loc":{"start":{"line":148,"column":4},"end":{"line":158,"column":4}}},"10":{"name":"transfer","line":173,"loc":{"start":{"line":172,"column":4},"end":{"line":178,"column":4}}},"11":{"name":"transferFrom","line":196,"loc":{"start":{"line":195,"column":4},"end":{"line":201,"column":4}}},"12":{"name":"pause","line":203,"loc":{"start":{"line":203,"column":4},"end":{"line":205,"column":4}}},"13":{"name":"unpause","line":207,"loc":{"start":{"line":207,"column":4},"end":{"line":209,"column":4}}}},"statementMap":{"1":{"start":{"line":41,"column":8},"end":{"line":41,"column":62}},"2":{"start":{"line":46,"column":8},"end":{"line":46,"column":70}},"3":{"start":{"line":51,"column":8},"end":{"line":51,"column":63}},"4":{"start":{"line":56,"column":8},"end":{"line":56,"column":65}},"5":{"start":{"line":61,"column":8},"end":{"line":61,"column":61}},"6":{"start":{"line":90,"column":8},"end":{"line":90,"column":70}},"7":{"start":{"line":110,"column":8},"end":{"line":110,"column":55}},"8":{"start":{"line":112,"column":8},"end":{"line":112,"column":84}},"9":{"start":{"line":114,"column":8},"end":{"line":114,"column":42}},"10":{"start":{"line":125,"column":8},"end":{"line":125,"column":27}},"11":{"start":{"line":150,"column":8},"end":{"line":150,"column":121}},"12":{"start":{"line":153,"column":8},"end":{"line":153,"column":5149}},"13":{"start":{"line":154,"column":12},"end":{"line":154,"column":66}},"14":{"start":{"line":155,"column":12},"end":{"line":155,"column":46}},"15":{"start":{"line":175,"column":8},"end":{"line":175,"column":33}},"16":{"start":{"line":176,"column":8},"end":{"line":176,"column":25}},"17":{"start":{"line":177,"column":8},"end":{"line":177,"column":41}},"18":{"start":{"line":198,"column":8},"end":{"line":198,"column":27}},"19":{"start":{"line":199,"column":8},"end":{"line":199,"column":25}},"20":{"start":{"line":200,"column":8},"end":{"line":200,"column":51}},"21":{"start":{"line":204,"column":8},"end":{"line":204,"column":21}},"22":{"start":{"line":208,"column":8},"end":{"line":208,"column":23}}},"branchMap":{"1":{"line":41,"type":"if","locations":[{"start":{"line":41,"column":8},"end":{"line":41,"column":8}},{"start":{"line":41,"column":8},"end":{"line":41,"column":8}}]},"2":{"line":46,"type":"if","locations":[{"start":{"line":46,"column":8},"end":{"line":46,"column":8}},{"start":{"line":46,"column":8},"end":{"line":46,"column":8}}]},"3":{"line":51,"type":"if","locations":[{"start":{"line":51,"column":8},"end":{"line":51,"column":8}},{"start":{"line":51,"column":8},"end":{"line":51,"column":8}}]},"4":{"line":56,"type":"if","locations":[{"start":{"line":56,"column":8},"end":{"line":56,"column":8}},{"start":{"line":56,"column":8},"end":{"line":56,"column":8}}]},"5":{"line":61,"type":"if","locations":[{"start":{"line":61,"column":8},"end":{"line":61,"column":8}},{"start":{"line":61,"column":8},"end":{"line":61,"column":8}}]},"6":{"line":110,"type":"if","locations":[{"start":{"line":110,"column":8},"end":{"line":110,"column":8}},{"start":{"line":110,"column":8},"end":{"line":110,"column":8}}]},"7":{"line":114,"type":"if","locations":[{"start":{"line":114,"column":8},"end":{"line":114,"column":8}},{"start":{"line":114,"column":8},"end":{"line":114,"column":8}}]},"8":{"line":153,"type":"if","locations":[{"start":{"line":153,"column":8},"end":{"line":153,"column":8}},{"start":{"line":153,"column":8},"end":{"line":153,"column":8}}]},"9":{"line":155,"type":"if","locations":[{"start":{"line":155,"column":12},"end":{"line":155,"column":12}},{"start":{"line":155,"column":12},"end":{"line":155,"column":12}}]},"10":{"line":173,"type":"if","locations":[{"start":{"line":173,"column":24},"end":{"line":173,"column":24}},{"start":{"line":173,"column":24},"end":{"line":173,"column":24}}]},"11":{"line":173,"type":"if","locations":[{"start":{"line":173,"column":47},"end":{"line":173,"column":47}},{"start":{"line":173,"column":47},"end":{"line":173,"column":47}}]},"12":{"line":173,"type":"if","locations":[{"start":{"line":173,"column":67},"end":{"line":173,"column":67}},{"start":{"line":173,"column":67},"end":{"line":173,"column":67}}]},"13":{"line":196,"type":"if","locations":[{"start":{"line":196,"column":27},"end":{"line":196,"column":27}},{"start":{"line":196,"column":27},"end":{"line":196,"column":27}}]},"14":{"line":196,"type":"if","locations":[{"start":{"line":196,"column":50},"end":{"line":196,"column":50}},{"start":{"line":196,"column":50},"end":{"line":196,"column":50}}]},"15":{"line":196,"type":"if","locations":[{"start":{"line":196,"column":70},"end":{"line":196,"column":70}},{"start":{"line":196,"column":70},"end":{"line":196,"column":70}}]},"16":{"line":203,"type":"if","locations":[{"start":{"line":203,"column":30},"end":{"line":203,"column":30}},{"start":{"line":203,"column":30},"end":{"line":203,"column":30}}]},"17":{"line":207,"type":"if","locations":[{"start":{"line":207,"column":32},"end":{"line":207,"column":32}},{"start":{"line":207,"column":32},"end":{"line":207,"column":32}}]}}},"contracts\\Referral\\ReferralSystem.sol":{"l":{"38":60,"39":60,"40":60,"41":60,"46":0,"47":0,"51":0,"52":0,"56":0,"57":0,"64":5,"65":3,"77":0,"79":0,"80":0,"81":0,"83":0,"84":0,"85":0,"89":0,"90":0,"91":0,"98":0,"100":0,"101":0,"103":0,"110":0,"112":0,"113":0,"115":0,"122":0,"123":0,"125":0,"134":2,"138":2,"139":2,"143":1,"144":1,"148":0,"152":0,"153":0,"158":0,"161":0,"162":0,"164":0},"path":"C:\\Users\\pedro\\Documents\\GitHub\\hesty-contract\\contracts\\Referral\\ReferralSystem.sol","s":{"1":0,"2":0,"3":0,"4":5,"5":0,"6":0,"7":0,"8":0,"9":0,"10":0,"11":0,"12":0,"13":0,"14":0,"15":0,"16":2,"17":2,"18":1,"19":0,"20":0},"b":{"1":[0,0],"2":[0,0],"3":[0,0],"4":[0,0],"5":[0,0],"6":[0,0],"7":[0,0],"8":[0,0],"9":[0,0],"10":[0,0],"11":[0,0],"12":[0,0],"13":[0,0],"14":[0,0],"15":[0,0],"16":[0,0],"17":[0,0],"18":[0,0],"19":[0,0],"20":[2,2],"21":[2,0],"22":[1,0],"23":[1,0],"24":[0,0],"25":[0,0],"26":[0,0],"27":[0,0],"28":[0,0]},"f":{"1":60,"2":0,"3":0,"4":0,"5":5,"6":0,"7":0,"8":0,"9":0,"10":2,"11":2,"12":1,"13":0,"14":0,"15":0},"fnMap":{"1":{"name":"constructor","line":36,"loc":{"start":{"line":36,"column":4},"end":{"line":43,"column":4}}},"2":{"name":"whenNotAllPaused","line":45,"loc":{"start":{"line":45,"column":4},"end":{"line":48,"column":4}}},"3":{"name":"whenKYCApproved","line":50,"loc":{"start":{"line":50,"column":4},"end":{"line":53,"column":4}}},"4":{"name":"whenNotBlackListed","line":55,"loc":{"start":{"line":55,"column":4},"end":{"line":58,"column":4}}},"5":{"name":"onlyAdmin","line":63,"loc":{"start":{"line":63,"column":4},"end":{"line":66,"column":4}}},"6":{"name":"addRewards","line":75,"loc":{"start":{"line":75,"column":4},"end":{"line":94,"column":4}}},"7":{"name":"addGlobalRewards","line":96,"loc":{"start":{"line":96,"column":4},"end":{"line":106,"column":4}}},"8":{"name":"claimPropertyRewards","line":108,"loc":{"start":{"line":108,"column":4},"end":{"line":117,"column":4}}},"9":{"name":"claimGlobalRewards","line":119,"loc":{"start":{"line":119,"column":4},"end":{"line":127,"column":4}}},"10":{"name":"getReferrerDetails","line":133,"loc":{"start":{"line":133,"column":4},"end":{"line":135,"column":3}}},"11":{"name":"addApprovedCtrs","line":137,"loc":{"start":{"line":137,"column":4},"end":{"line":140,"column":4}}},"12":{"name":"removeApprovedCtrs","line":142,"loc":{"start":{"line":142,"column":4},"end":{"line":145,"column":4}}},"13":{"name":"setRewardToken","line":147,"loc":{"start":{"line":147,"column":4},"end":{"line":149,"column":4}}},"14":{"name":"setHestyAccessControlCtr","line":151,"loc":{"start":{"line":151,"column":4},"end":{"line":154,"column":4}}},"15":{"name":"setNewTokenFactory","line":156,"loc":{"start":{"line":156,"column":4},"end":{"line":165,"column":4}}}},"statementMap":{"1":{"start":{"line":46,"column":8},"end":{"line":46,"column":60}},"2":{"start":{"line":51,"column":8},"end":{"line":51,"column":65}},"3":{"start":{"line":56,"column":8},"end":{"line":56,"column":62}},"4":{"start":{"line":64,"column":8},"end":{"line":64,"column":44}},"5":{"start":{"line":77,"column":8},"end":{"line":77,"column":56}},"6":{"start":{"line":79,"column":8},"end":{"line":79,"column":3387}},"7":{"start":{"line":87,"column":14},"end":{"line":87,"column":3701}},"8":{"start":{"line":98,"column":8},"end":{"line":98,"column":56}},"9":{"start":{"line":100,"column":8},"end":{"line":100,"column":88}},"10":{"start":{"line":101,"column":8},"end":{"line":101,"column":47}},"11":{"start":{"line":110,"column":8},"end":{"line":110,"column":65}},"12":{"start":{"line":112,"column":8},"end":{"line":112,"column":48}},"13":{"start":{"line":115,"column":8},"end":{"line":115,"column":46}},"14":{"start":{"line":122,"column":8},"end":{"line":122,"column":43}},"15":{"start":{"line":125,"column":8},"end":{"line":125,"column":46}},"16":{"start":{"line":134,"column":8},"end":{"line":134,"column":74}},"17":{"start":{"line":138,"column":8},"end":{"line":138,"column":68}},"18":{"start":{"line":143,"column":8},"end":{"line":143,"column":70}},"19":{"start":{"line":152,"column":8},"end":{"line":152,"column":52}},"20":{"start":{"line":158,"column":8},"end":{"line":158,"column":52}}},"branchMap":{"1":{"line":46,"type":"if","locations":[{"start":{"line":46,"column":8},"end":{"line":46,"column":8}},{"start":{"line":46,"column":8},"end":{"line":46,"column":8}}]},"2":{"line":51,"type":"if","locations":[{"start":{"line":51,"column":8},"end":{"line":51,"column":8}},{"start":{"line":51,"column":8},"end":{"line":51,"column":8}}]},"3":{"line":56,"type":"if","locations":[{"start":{"line":56,"column":8},"end":{"line":56,"column":8}},{"start":{"line":56,"column":8},"end":{"line":56,"column":8}}]},"4":{"line":75,"type":"if","locations":[{"start":{"line":75,"column":102},"end":{"line":75,"column":102}},{"start":{"line":75,"column":102},"end":{"line":75,"column":102}}]},"5":{"line":77,"type":"if","locations":[{"start":{"line":77,"column":8},"end":{"line":77,"column":8}},{"start":{"line":77,"column":8},"end":{"line":77,"column":8}}]},"6":{"line":79,"type":"if","locations":[{"start":{"line":79,"column":8},"end":{"line":79,"column":8}},{"start":{"line":79,"column":8},"end":{"line":79,"column":8}}]},"7":{"line":87,"type":"if","locations":[{"start":{"line":87,"column":14},"end":{"line":87,"column":14}},{"start":{"line":87,"column":14},"end":{"line":87,"column":14}}]},"8":{"line":96,"type":"if","locations":[{"start":{"line":96,"column":75},"end":{"line":96,"column":75}},{"start":{"line":96,"column":75},"end":{"line":96,"column":75}}]},"9":{"line":98,"type":"if","locations":[{"start":{"line":98,"column":8},"end":{"line":98,"column":8}},{"start":{"line":98,"column":8},"end":{"line":98,"column":8}}]},"10":{"line":101,"type":"if","locations":[{"start":{"line":101,"column":8},"end":{"line":101,"column":8}},{"start":{"line":101,"column":8},"end":{"line":101,"column":8}}]},"11":{"line":108,"type":"if","locations":[{"start":{"line":108,"column":76},"end":{"line":108,"column":76}},{"start":{"line":108,"column":76},"end":{"line":108,"column":76}}]},"12":{"line":108,"type":"if","locations":[{"start":{"line":108,"column":89},"end":{"line":108,"column":89}},{"start":{"line":108,"column":89},"end":{"line":108,"column":89}}]},"13":{"line":108,"type":"if","locations":[{"start":{"line":108,"column":106},"end":{"line":108,"column":106}},{"start":{"line":108,"column":106},"end":{"line":108,"column":106}}]},"14":{"line":108,"type":"if","locations":[{"start":{"line":108,"column":134},"end":{"line":108,"column":134}},{"start":{"line":108,"column":134},"end":{"line":108,"column":134}}]},"15":{"line":110,"type":"if","locations":[{"start":{"line":110,"column":8},"end":{"line":110,"column":8}},{"start":{"line":110,"column":8},"end":{"line":110,"column":8}}]},"16":{"line":119,"type":"if","locations":[{"start":{"line":119,"column":55},"end":{"line":119,"column":55}},{"start":{"line":119,"column":55},"end":{"line":119,"column":55}}]},"17":{"line":119,"type":"if","locations":[{"start":{"line":119,"column":68},"end":{"line":119,"column":68}},{"start":{"line":119,"column":68},"end":{"line":119,"column":68}}]},"18":{"line":119,"type":"if","locations":[{"start":{"line":119,"column":85},"end":{"line":119,"column":85}},{"start":{"line":119,"column":85},"end":{"line":119,"column":85}}]},"19":{"line":119,"type":"if","locations":[{"start":{"line":119,"column":113},"end":{"line":119,"column":113}},{"start":{"line":119,"column":113},"end":{"line":119,"column":113}}]},"20":{"line":137,"type":"if","locations":[{"start":{"line":137,"column":65},"end":{"line":137,"column":65}},{"start":{"line":137,"column":65},"end":{"line":137,"column":65}}]},"21":{"line":138,"type":"if","locations":[{"start":{"line":138,"column":8},"end":{"line":138,"column":8}},{"start":{"line":138,"column":8},"end":{"line":138,"column":8}}]},"22":{"line":142,"type":"if","locations":[{"start":{"line":142,"column":68},"end":{"line":142,"column":68}},{"start":{"line":142,"column":68},"end":{"line":142,"column":68}}]},"23":{"line":143,"type":"if","locations":[{"start":{"line":143,"column":8},"end":{"line":143,"column":8}},{"start":{"line":143,"column":8},"end":{"line":143,"column":8}}]},"24":{"line":147,"type":"if","locations":[{"start":{"line":147,"column":55},"end":{"line":147,"column":55}},{"start":{"line":147,"column":55},"end":{"line":147,"column":55}}]},"25":{"line":151,"type":"if","locations":[{"start":{"line":151,"column":67},"end":{"line":151,"column":67}},{"start":{"line":151,"column":67},"end":{"line":151,"column":67}}]},"26":{"line":152,"type":"if","locations":[{"start":{"line":152,"column":8},"end":{"line":152,"column":8}},{"start":{"line":152,"column":8},"end":{"line":152,"column":8}}]},"27":{"line":156,"type":"if","locations":[{"start":{"line":156,"column":61},"end":{"line":156,"column":61}},{"start":{"line":156,"column":61},"end":{"line":156,"column":61}}]},"28":{"line":158,"type":"if","locations":[{"start":{"line":158,"column":8},"end":{"line":158,"column":8}},{"start":{"line":158,"column":8},"end":{"line":158,"column":8}}]}}},"contracts\\TokenFactory.sol":{"l":{"105":96,"106":96,"107":96,"108":96,"109":96,"110":96,"111":96,"112":96,"113":96,"114":96,"115":96,"123":22,"124":17,"131":0,"132":0,"139":3,"140":3,"147":4,"148":4,"155":4,"156":4,"163":11,"164":11,"173":8,"175":8,"176":8,"204":4,"206":4,"213":4,"227":4,"228":4,"241":3,"244":3,"245":3,"246":3,"247":3,"252":3,"253":3,"254":3,"257":3,"260":3,"263":3,"264":3,"267":3,"269":3,"270":3,"272":3,"274":3,"275":3,"277":3,"281":3,"283":2,"285":2,"289":2,"291":2,"295":2,"298":0,"299":0,"314":4,"316":3,"318":3,"319":2,"320":2,"322":1,"332":0,"334":0,"339":0,"341":0,"343":0,"344":0,"346":0,"358":0,"359":0,"360":0,"366":0,"369":0,"372":0,"374":0,"376":0,"377":0,"379":0,"392":0,"397":0,"412":0,"414":0,"417":0,"418":0,"420":0,"421":0,"424":0,"425":0,"429":0,"430":0,"440":3,"442":3,"443":3,"453":0,"455":0,"456":0,"458":0,"468":0,"469":0,"479":0,"480":0,"490":0,"491":0,"493":0,"502":0,"503":0,"513":0,"514":0,"516":0,"526":1,"528":1,"538":1,"540":1,"550":2,"551":1,"553":1,"564":2,"565":1,"567":1},"path":"C:\\Users\\pedro\\Documents\\GitHub\\hesty-contract\\contracts\\TokenFactory.sol","s":{"1":96,"2":96,"3":22,"4":0,"5":3,"6":4,"7":4,"8":11,"9":8,"10":4,"11":4,"12":4,"13":4,"14":3,"15":3,"16":3,"17":3,"18":3,"19":3,"20":3,"21":3,"22":3,"23":3,"24":3,"25":3,"26":3,"27":3,"28":2,"29":2,"30":2,"31":0,"32":4,"33":3,"34":3,"35":2,"36":2,"37":1,"38":0,"39":0,"40":0,"41":0,"42":0,"43":0,"44":0,"45":0,"46":0,"47":0,"48":0,"49":0,"50":0,"51":0,"52":0,"53":0,"54":0,"55":0,"56":0,"57":0,"58":0,"59":3,"60":0,"61":0,"62":0,"63":0,"64":0,"65":0,"66":0,"67":0,"68":0,"69":1,"70":1,"71":2,"72":1,"73":2,"74":1},"b":{"1":[96,0],"2":[96,0],"3":[3,0],"4":[4,0],"5":[4,0],"6":[11,0],"7":[8,1],"8":[8,0],"9":[4,0],"10":[4,0],"11":[4,0],"12":[4,0],"13":[3,0],"14":[3,0],"15":[3,0],"16":[3,0],"17":[3,0],"18":[3,0],"19":[3,0],"20":[2,1],"21":[2,0],"22":[0,2],"23":[0,2],"24":[4,0],"25":[4,0],"26":[3,1],"27":[0,0],"28":[0,0],"29":[0,0],"30":[0,0],"31":[0,0],"32":[0,0],"33":[0,0],"34":[0,0],"35":[0,0],"36":[0,0],"37":[3,0],"38":[3,0],"39":[0,0],"40":[0,0],"41":[0,0],"42":[0,0],"43":[0,0],"44":[0,0],"45":[0,0],"46":[0,0],"47":[0,0],"48":[0,0],"49":[0,0],"50":[0,0],"51":[1,1],"52":[1,1],"53":[2,1],"54":[1,1],"55":[2,1],"56":[1,1]},"f":{"1":96,"2":22,"3":0,"4":3,"5":4,"6":4,"7":11,"8":8,"9":4,"10":3,"11":3,"12":4,"13":0,"14":0,"15":0,"16":0,"17":0,"18":0,"19":0,"20":3,"21":0,"22":0,"23":0,"24":0,"25":0,"26":0,"27":1,"28":1,"29":2,"30":2},"fnMap":{"1":{"name":"constructor","line":96,"loc":{"start":{"line":96,"column":4},"end":{"line":117,"column":4}}},"2":{"name":"onlyAdmin","line":122,"loc":{"start":{"line":122,"column":4},"end":{"line":125,"column":4}}},"3":{"name":"onlyFundsManager","line":130,"loc":{"start":{"line":130,"column":4},"end":{"line":133,"column":4}}},"4":{"name":"onlyWhenInitialized","line":138,"loc":{"start":{"line":138,"column":4},"end":{"line":141,"column":4}}},"5":{"name":"whenNotBlackListed","line":146,"loc":{"start":{"line":146,"column":4},"end":{"line":149,"column":4}}},"6":{"name":"whenKYCApproved","line":154,"loc":{"start":{"line":154,"column":4},"end":{"line":157,"column":4}}},"7":{"name":"whenNotAllPaused","line":162,"loc":{"start":{"line":162,"column":4},"end":{"line":165,"column":4}}},"8":{"name":"initialize","line":171,"loc":{"start":{"line":171,"column":4},"end":{"line":177,"column":4}}},"9":{"name":"createProperty","line":202,"loc":{"start":{"line":192,"column":4},"end":{"line":229,"column":4}}},"10":{"name":"buyTokens","line":239,"loc":{"start":{"line":239,"column":4},"end":{"line":278,"column":4}}},"11":{"name":"referralRewards","line":280,"loc":{"start":{"line":280,"column":4},"end":{"line":305,"column":4}}},"12":{"name":"distributeRevenue","line":312,"loc":{"start":{"line":312,"column":4},"end":{"line":324,"column":4}}},"13":{"name":"claimInvestmentreturns","line":330,"loc":{"start":{"line":330,"column":4},"end":{"line":335,"column":4}}},"14":{"name":"recoverFundsInvested","line":337,"loc":{"start":{"line":337,"column":4},"end":{"line":348,"column":4}}},"15":{"name":"adminDistributeRevenue","line":356,"loc":{"start":{"line":356,"column":4},"end":{"line":362,"column":4}}},"16":{"name":"adminBuyTokens","line":364,"loc":{"start":{"line":364,"column":4},"end":{"line":380,"column":4}}},"17":{"name":"isRefClaimable","line":391,"loc":{"start":{"line":391,"column":4},"end":{"line":393,"column":4}}},"18":{"name":"getPropertyToken","line":396,"loc":{"start":{"line":396,"column":4},"end":{"line":398,"column":4}}},"19":{"name":"completeRaise","line":410,"loc":{"start":{"line":410,"column":4},"end":{"line":432,"column":4}}},"20":{"name":"approveProperty","line":438,"loc":{"start":{"line":438,"column":4},"end":{"line":444,"column":4}}},"21":{"name":"cancelProperty","line":451,"loc":{"start":{"line":451,"column":4},"end":{"line":459,"column":4}}},"22":{"name":"setPlatformFee","line":466,"loc":{"start":{"line":466,"column":4},"end":{"line":470,"column":4}}},"23":{"name":"setRefFee","line":477,"loc":{"start":{"line":477,"column":4},"end":{"line":481,"column":4}}},"24":{"name":"setNewPropertyOwnerReceiverAddress","line":488,"loc":{"start":{"line":488,"column":4},"end":{"line":494,"column":4}}},"25":{"name":"extendRaiseForProperty","line":500,"loc":{"start":{"line":500,"column":4},"end":{"line":504,"column":4}}},"26":{"name":"setMinInvAmount","line":511,"loc":{"start":{"line":511,"column":4},"end":{"line":517,"column":4}}},"27":{"name":"setMaxNumberOfReferrals","line":524,"loc":{"start":{"line":524,"column":4},"end":{"line":529,"column":4}}},"28":{"name":"setMaxAmountOfRefRev","line":536,"loc":{"start":{"line":536,"column":4},"end":{"line":541,"column":4}}},"29":{"name":"setTreasury","line":548,"loc":{"start":{"line":548,"column":4},"end":{"line":554,"column":4}}},"30":{"name":"setReferralContract","line":562,"loc":{"start":{"line":562,"column":4},"end":{"line":568,"column":4}}}},"statementMap":{"1":{"start":{"line":105,"column":8},"end":{"line":105,"column":48}},"2":{"start":{"line":106,"column":8},"end":{"line":106,"column":55}},"3":{"start":{"line":123,"column":8},"end":{"line":123,"column":44}},"4":{"start":{"line":131,"column":8},"end":{"line":131,"column":51}},"5":{"start":{"line":139,"column":8},"end":{"line":139,"column":43}},"6":{"start":{"line":147,"column":8},"end":{"line":147,"column":69}},"7":{"start":{"line":155,"column":8},"end":{"line":155,"column":65}},"8":{"start":{"line":163,"column":8},"end":{"line":163,"column":61}},"9":{"start":{"line":173,"column":8},"end":{"line":173,"column":44}},"10":{"start":{"line":204,"column":8},"end":{"line":204,"column":93}},"11":{"start":{"line":206,"column":8},"end":{"line":206,"column":8237}},"12":{"start":{"line":227,"column":8},"end":{"line":227,"column":48}},"13":{"start":{"line":228,"column":8},"end":{"line":228,"column":34}},"14":{"start":{"line":241,"column":8},"end":{"line":241,"column":45}},"15":{"start":{"line":244,"column":8},"end":{"line":244,"column":67}},"16":{"start":{"line":245,"column":8},"end":{"line":245,"column":56}},"17":{"start":{"line":246,"column":8},"end":{"line":246,"column":62}},"18":{"start":{"line":247,"column":8},"end":{"line":247,"column":68}},"19":{"start":{"line":252,"column":8},"end":{"line":252,"column":52}},"20":{"start":{"line":253,"column":8},"end":{"line":253,"column":87}},"21":{"start":{"line":254,"column":8},"end":{"line":254,"column":59}},"22":{"start":{"line":257,"column":8},"end":{"line":257,"column":76}},"23":{"start":{"line":260,"column":8},"end":{"line":260,"column":51}},"24":{"start":{"line":267,"column":8},"end":{"line":267,"column":86}},"25":{"start":{"line":272,"column":8},"end":{"line":272,"column":50}},"26":{"start":{"line":277,"column":8},"end":{"line":277,"column":78}},"27":{"start":{"line":281,"column":8},"end":{"line":281,"column":11550}},"28":{"start":{"line":283,"column":12},"end":{"line":283,"column":101}},"29":{"start":{"line":285,"column":12},"end":{"line":285,"column":85}},"30":{"start":{"line":295,"column":12},"end":{"line":295,"column":12271}},"31":{"start":{"line":298,"column":16},"end":{"line":298,"column":12427}},"32":{"start":{"line":314,"column":8},"end":{"line":314,"column":56}},"33":{"start":{"line":316,"column":8},"end":{"line":316,"column":45}},"34":{"start":{"line":318,"column":8},"end":{"line":318,"column":77}},"35":{"start":{"line":319,"column":8},"end":{"line":319,"column":54}},"36":{"start":{"line":320,"column":8},"end":{"line":320,"column":57}},"37":{"start":{"line":322,"column":8},"end":{"line":322,"column":39}},"38":{"start":{"line":332,"column":8},"end":{"line":332,"column":45}},"39":{"start":{"line":334,"column":8},"end":{"line":334,"column":63}},"40":{"start":{"line":339,"column":8},"end":{"line":339,"column":45}},"41":{"start":{"line":341,"column":8},"end":{"line":341,"column":85}},"42":{"start":{"line":343,"column":8},"end":{"line":343,"column":67}},"43":{"start":{"line":346,"column":8},"end":{"line":346,"column":58}},"44":{"start":{"line":358,"column":8},"end":{"line":358,"column":45}},"45":{"start":{"line":359,"column":8},"end":{"line":359,"column":54}},"46":{"start":{"line":360,"column":8},"end":{"line":360,"column":57}},"47":{"start":{"line":366,"column":8},"end":{"line":366,"column":48}},"48":{"start":{"line":369,"column":8},"end":{"line":369,"column":67}},"49":{"start":{"line":372,"column":8},"end":{"line":372,"column":52}},"50":{"start":{"line":374,"column":8},"end":{"line":374,"column":46}},"51":{"start":{"line":379,"column":8},"end":{"line":379,"column":73}},"52":{"start":{"line":392,"column":8},"end":{"line":392,"column":88}},"53":{"start":{"line":397,"column":8},"end":{"line":397,"column":33}},"54":{"start":{"line":412,"column":8},"end":{"line":412,"column":62}},"55":{"start":{"line":418,"column":8},"end":{"line":418,"column":76}},"56":{"start":{"line":421,"column":8},"end":{"line":421,"column":83}},"57":{"start":{"line":425,"column":8},"end":{"line":425,"column":101}},"58":{"start":{"line":430,"column":8},"end":{"line":430,"column":89}},"59":{"start":{"line":440,"column":8},"end":{"line":440,"column":56}},"60":{"start":{"line":453,"column":8},"end":{"line":453,"column":57}},"61":{"start":{"line":458,"column":8},"end":{"line":458,"column":31}},"62":{"start":{"line":468,"column":8},"end":{"line":468,"column":58}},"63":{"start":{"line":479,"column":8},"end":{"line":479,"column":63}},"64":{"start":{"line":490,"column":8},"end":{"line":490,"column":66}},"65":{"start":{"line":493,"column":8},"end":{"line":493,"column":53}},"66":{"start":{"line":502,"column":8},"end":{"line":502,"column":76}},"67":{"start":{"line":513,"column":8},"end":{"line":513,"column":47}},"68":{"start":{"line":516,"column":8},"end":{"line":516,"column":45}},"69":{"start":{"line":528,"column":8},"end":{"line":528,"column":44}},"70":{"start":{"line":540,"column":8},"end":{"line":540,"column":41}},"71":{"start":{"line":550,"column":8},"end":{"line":550,"column":56}},"72":{"start":{"line":553,"column":8},"end":{"line":553,"column":37}},"73":{"start":{"line":564,"column":8},"end":{"line":564,"column":64}},"74":{"start":{"line":567,"column":8},"end":{"line":567,"column":54}}},"branchMap":{"1":{"line":105,"type":"if","locations":[{"start":{"line":105,"column":8},"end":{"line":105,"column":8}},{"start":{"line":105,"column":8},"end":{"line":105,"column":8}}]},"2":{"line":106,"type":"if","locations":[{"start":{"line":106,"column":8},"end":{"line":106,"column":8}},{"start":{"line":106,"column":8},"end":{"line":106,"column":8}}]},"3":{"line":139,"type":"if","locations":[{"start":{"line":139,"column":8},"end":{"line":139,"column":8}},{"start":{"line":139,"column":8},"end":{"line":139,"column":8}}]},"4":{"line":147,"type":"if","locations":[{"start":{"line":147,"column":8},"end":{"line":147,"column":8}},{"start":{"line":147,"column":8},"end":{"line":147,"column":8}}]},"5":{"line":155,"type":"if","locations":[{"start":{"line":155,"column":8},"end":{"line":155,"column":8}},{"start":{"line":155,"column":8},"end":{"line":155,"column":8}}]},"6":{"line":163,"type":"if","locations":[{"start":{"line":163,"column":8},"end":{"line":163,"column":8}},{"start":{"line":163,"column":8},"end":{"line":163,"column":8}}]},"7":{"line":171,"type":"if","locations":[{"start":{"line":171,"column":61},"end":{"line":171,"column":61}},{"start":{"line":171,"column":61},"end":{"line":171,"column":61}}]},"8":{"line":173,"type":"if","locations":[{"start":{"line":173,"column":8},"end":{"line":173,"column":8}},{"start":{"line":173,"column":8},"end":{"line":173,"column":8}}]},"9":{"line":202,"type":"if","locations":[{"start":{"line":202,"column":15},"end":{"line":202,"column":15}},{"start":{"line":202,"column":15},"end":{"line":202,"column":15}}]},"10":{"line":202,"type":"if","locations":[{"start":{"line":202,"column":43},"end":{"line":202,"column":43}},{"start":{"line":202,"column":43},"end":{"line":202,"column":43}}]},"11":{"line":202,"type":"if","locations":[{"start":{"line":202,"column":60},"end":{"line":202,"column":60}},{"start":{"line":202,"column":60},"end":{"line":202,"column":60}}]},"12":{"line":204,"type":"if","locations":[{"start":{"line":204,"column":8},"end":{"line":204,"column":8}},{"start":{"line":204,"column":8},"end":{"line":204,"column":8}}]},"13":{"line":239,"type":"if","locations":[{"start":{"line":239,"column":73},"end":{"line":239,"column":73}},{"start":{"line":239,"column":73},"end":{"line":239,"column":73}}]},"14":{"line":239,"type":"if","locations":[{"start":{"line":239,"column":86},"end":{"line":239,"column":86}},{"start":{"line":239,"column":86},"end":{"line":239,"column":86}}]},"15":{"line":239,"type":"if","locations":[{"start":{"line":239,"column":106},"end":{"line":239,"column":106}},{"start":{"line":239,"column":106},"end":{"line":239,"column":106}}]},"16":{"line":244,"type":"if","locations":[{"start":{"line":244,"column":8},"end":{"line":244,"column":8}},{"start":{"line":244,"column":8},"end":{"line":244,"column":8}}]},"17":{"line":245,"type":"if","locations":[{"start":{"line":245,"column":8},"end":{"line":245,"column":8}},{"start":{"line":245,"column":8},"end":{"line":245,"column":8}}]},"18":{"line":246,"type":"if","locations":[{"start":{"line":246,"column":8},"end":{"line":246,"column":8}},{"start":{"line":246,"column":8},"end":{"line":246,"column":8}}]},"19":{"line":247,"type":"if","locations":[{"start":{"line":247,"column":8},"end":{"line":247,"column":8}},{"start":{"line":247,"column":8},"end":{"line":247,"column":8}}]},"20":{"line":281,"type":"if","locations":[{"start":{"line":281,"column":8},"end":{"line":281,"column":8}},{"start":{"line":281,"column":8},"end":{"line":281,"column":8}}]},"21":{"line":289,"type":"if","locations":[{"start":{"line":289,"column":70},"end":{"line":289,"column":86}},{"start":{"line":289,"column":90},"end":{"line":289,"column":100}}]},"22":{"line":291,"type":"if","locations":[{"start":{"line":291,"column":68},"end":{"line":291,"column":98}},{"start":{"line":291,"column":102},"end":{"line":291,"column":108}}]},"23":{"line":295,"type":"if","locations":[{"start":{"line":295,"column":12},"end":{"line":295,"column":12}},{"start":{"line":295,"column":12},"end":{"line":295,"column":12}}]},"24":{"line":312,"type":"if","locations":[{"start":{"line":312,"column":68},"end":{"line":312,"column":68}},{"start":{"line":312,"column":68},"end":{"line":312,"column":68}}]},"25":{"line":312,"type":"if","locations":[{"start":{"line":312,"column":81},"end":{"line":312,"column":81}},{"start":{"line":312,"column":81},"end":{"line":312,"column":81}}]},"26":{"line":314,"type":"if","locations":[{"start":{"line":314,"column":8},"end":{"line":314,"column":8}},{"start":{"line":314,"column":8},"end":{"line":314,"column":8}}]},"27":{"line":330,"type":"if","locations":[{"start":{"line":330,"column":57},"end":{"line":330,"column":57}},{"start":{"line":330,"column":57},"end":{"line":330,"column":57}}]},"28":{"line":337,"type":"if","locations":[{"start":{"line":337,"column":55},"end":{"line":337,"column":55}},{"start":{"line":337,"column":55},"end":{"line":337,"column":55}}]},"29":{"line":341,"type":"if","locations":[{"start":{"line":341,"column":8},"end":{"line":341,"column":8}},{"start":{"line":341,"column":8},"end":{"line":341,"column":8}}]},"30":{"line":356,"type":"if","locations":[{"start":{"line":356,"column":73},"end":{"line":356,"column":73}},{"start":{"line":356,"column":73},"end":{"line":356,"column":73}}]},"31":{"line":356,"type":"if","locations":[{"start":{"line":356,"column":86},"end":{"line":356,"column":86}},{"start":{"line":356,"column":86},"end":{"line":356,"column":86}}]},"32":{"line":364,"type":"if","locations":[{"start":{"line":364,"column":81},"end":{"line":364,"column":81}},{"start":{"line":364,"column":81},"end":{"line":364,"column":81}}]},"33":{"line":364,"type":"if","locations":[{"start":{"line":364,"column":94},"end":{"line":364,"column":94}},{"start":{"line":364,"column":94},"end":{"line":364,"column":94}}]},"34":{"line":369,"type":"if","locations":[{"start":{"line":369,"column":8},"end":{"line":369,"column":8}},{"start":{"line":369,"column":8},"end":{"line":369,"column":8}}]},"35":{"line":410,"type":"if","locations":[{"start":{"line":410,"column":48},"end":{"line":410,"column":48}},{"start":{"line":410,"column":48},"end":{"line":410,"column":48}}]},"36":{"line":412,"type":"if","locations":[{"start":{"line":412,"column":8},"end":{"line":412,"column":8}},{"start":{"line":412,"column":8},"end":{"line":412,"column":8}}]},"37":{"line":438,"type":"if","locations":[{"start":{"line":438,"column":73},"end":{"line":438,"column":73}},{"start":{"line":438,"column":73},"end":{"line":438,"column":73}}]},"38":{"line":440,"type":"if","locations":[{"start":{"line":440,"column":8},"end":{"line":440,"column":8}},{"start":{"line":440,"column":8},"end":{"line":440,"column":8}}]},"39":{"line":451,"type":"if","locations":[{"start":{"line":451,"column":49},"end":{"line":451,"column":49}},{"start":{"line":451,"column":49},"end":{"line":451,"column":49}}]},"40":{"line":453,"type":"if","locations":[{"start":{"line":453,"column":8},"end":{"line":453,"column":8}},{"start":{"line":453,"column":8},"end":{"line":453,"column":8}}]},"41":{"line":466,"type":"if","locations":[{"start":{"line":466,"column":53},"end":{"line":466,"column":53}},{"start":{"line":466,"column":53},"end":{"line":466,"column":53}}]},"42":{"line":468,"type":"if","locations":[{"start":{"line":468,"column":8},"end":{"line":468,"column":8}},{"start":{"line":468,"column":8},"end":{"line":468,"column":8}}]},"43":{"line":477,"type":"if","locations":[{"start":{"line":477,"column":48},"end":{"line":477,"column":48}},{"start":{"line":477,"column":48},"end":{"line":477,"column":48}}]},"44":{"line":479,"type":"if","locations":[{"start":{"line":479,"column":8},"end":{"line":479,"column":8}},{"start":{"line":479,"column":8},"end":{"line":479,"column":8}}]},"45":{"line":488,"type":"if","locations":[{"start":{"line":488,"column":89},"end":{"line":488,"column":89}},{"start":{"line":488,"column":89},"end":{"line":488,"column":89}}]},"46":{"line":490,"type":"if","locations":[{"start":{"line":490,"column":8},"end":{"line":490,"column":8}},{"start":{"line":490,"column":8},"end":{"line":490,"column":8}}]},"47":{"line":500,"type":"if","locations":[{"start":{"line":500,"column":78},"end":{"line":500,"column":78}},{"start":{"line":500,"column":78},"end":{"line":500,"column":78}}]},"48":{"line":502,"type":"if","locations":[{"start":{"line":502,"column":8},"end":{"line":502,"column":8}},{"start":{"line":502,"column":8},"end":{"line":502,"column":8}}]},"49":{"line":511,"type":"if","locations":[{"start":{"line":511,"column":57},"end":{"line":511,"column":57}},{"start":{"line":511,"column":57},"end":{"line":511,"column":57}}]},"50":{"line":513,"type":"if","locations":[{"start":{"line":513,"column":8},"end":{"line":513,"column":8}},{"start":{"line":513,"column":8},"end":{"line":513,"column":8}}]},"51":{"line":524,"type":"if","locations":[{"start":{"line":524,"column":62},"end":{"line":524,"column":62}},{"start":{"line":524,"column":62},"end":{"line":524,"column":62}}]},"52":{"line":536,"type":"if","locations":[{"start":{"line":536,"column":59},"end":{"line":536,"column":59}},{"start":{"line":536,"column":59},"end":{"line":536,"column":59}}]},"53":{"line":548,"type":"if","locations":[{"start":{"line":548,"column":55},"end":{"line":548,"column":55}},{"start":{"line":548,"column":55},"end":{"line":548,"column":55}}]},"54":{"line":550,"type":"if","locations":[{"start":{"line":550,"column":8},"end":{"line":550,"column":8}},{"start":{"line":550,"column":8},"end":{"line":550,"column":8}}]},"55":{"line":562,"type":"if","locations":[{"start":{"line":562,"column":71},"end":{"line":562,"column":71}},{"start":{"line":562,"column":71},"end":{"line":562,"column":71}}]},"56":{"line":564,"type":"if","locations":[{"start":{"line":564,"column":8},"end":{"line":564,"column":8}},{"start":{"line":564,"column":8},"end":{"line":564,"column":8}}]}}}}