{"contracts\\Constants.sol":{"l":{},"path":"C:\\Users\\pedro\\Documents\\GitHub\\hesty-contract\\contracts\\Constants.sol","s":{},"b":{},"f":{},"fnMap":{},"statementMap":{},"branchMap":{}},"contracts\\HestyAccessControl.sol":{"l":{"30":225,"43":88,"44":65,"51":1,"52":1,"59":18,"60":14,"67":40,"68":38,"75":10,"76":8,"106":8,"107":7,"117":6,"118":4,"128":32,"130":31,"132":30,"134":30,"136":30,"138":0,"139":0,"144":31,"152":1,"153":1,"161":5,"162":3,"171":5,"180":3,"188":1,"204":68},"path":"C:\\Users\\pedro\\Documents\\GitHub\\hesty-contract\\contracts\\HestyAccessControl.sol","s":{"1":88,"2":1,"3":18,"4":40,"5":10,"6":8,"7":6,"8":32,"9":31,"10":30,"11":30,"12":0,"13":0,"14":1,"15":5,"16":5,"17":3,"18":68},"b":{"1":[65,23],"2":[1,0],"3":[14,4],"4":[38,2],"5":[8,2],"6":[64,23],"7":[1,0],"8":[8,2],"9":[7,1],"10":[6,2],"11":[4,2],"12":[32,1],"13":[31,1],"14":[30,1],"15":[0,30],"16":[0,0],"17":[1,0],"18":[1,0],"19":[5,1],"20":[3,2],"21":[5,1],"22":[3,1],"23":[1,0]},"f":{"1":225,"2":88,"3":1,"4":18,"5":40,"6":10,"7":64,"8":1,"9":8,"10":6,"11":32,"12":1,"13":5,"14":5,"15":3,"16":1,"17":68},"fnMap":{"1":{"name":"constructor","line":29,"loc":{"start":{"line":26,"column":4},"end":{"line":31,"column":4}}},"2":{"name":"onlyAdminManager","line":42,"loc":{"start":{"line":42,"column":4},"end":{"line":45,"column":4}}},"3":{"name":"onlyFundManager","line":50,"loc":{"start":{"line":50,"column":4},"end":{"line":53,"column":4}}},"4":{"name":"onlyBlackListManager","line":58,"loc":{"start":{"line":58,"column":4},"end":{"line":61,"column":4}}},"5":{"name":"onlyKYCManager","line":66,"loc":{"start":{"line":66,"column":4},"end":{"line":69,"column":4}}},"6":{"name":"onlyPauserManager","line":74,"loc":{"start":{"line":74,"column":4},"end":{"line":77,"column":4}}},"7":{"name":"onlyAdmin","line":90,"loc":{"start":{"line":90,"column":4},"end":{"line":90,"column":75}}},"8":{"name":"onlyFundsManager","line":97,"loc":{"start":{"line":97,"column":4},"end":{"line":97,"column":81}}},"9":{"name":"blacklistUser","line":105,"loc":{"start":{"line":105,"column":4},"end":{"line":108,"column":4}}},"10":{"name":"unBlacklistUser","line":116,"loc":{"start":{"line":116,"column":4},"end":{"line":119,"column":4}}},"11":{"name":"approveUserKYC","line":127,"loc":{"start":{"line":127,"column":4},"end":{"line":145,"column":4}}},"12":{"name":"approveKYCOnly","line":151,"loc":{"start":{"line":151,"column":4},"end":{"line":154,"column":4}}},"13":{"name":"revertUserKYC","line":160,"loc":{"start":{"line":160,"column":4},"end":{"line":163,"column":4}}},"14":{"name":"pause","line":170,"loc":{"start":{"line":170,"column":4},"end":{"line":172,"column":4}}},"15":{"name":"unpause","line":179,"loc":{"start":{"line":179,"column":4},"end":{"line":181,"column":4}}},"16":{"name":"setSponsorAmount","line":187,"loc":{"start":{"line":187,"column":4},"end":{"line":189,"column":4}}},"17":{"name":"paused","line":203,"loc":{"start":{"line":203,"column":4},"end":{"line":205,"column":4}}}},"statementMap":{"1":{"start":{"line":43,"column":8},"end":{"line":43,"column":73}},"2":{"start":{"line":51,"column":8},"end":{"line":51,"column":68}},"3":{"start":{"line":59,"column":8},"end":{"line":59,"column":76}},"4":{"start":{"line":67,"column":8},"end":{"line":67,"column":64}},"5":{"start":{"line":75,"column":8},"end":{"line":75,"column":70}},"6":{"start":{"line":106,"column":8},"end":{"line":106,"column":55}},"7":{"start":{"line":117,"column":8},"end":{"line":117,"column":50}},"8":{"start":{"line":128,"column":8},"end":{"line":128,"column":55}},"9":{"start":{"line":130,"column":8},"end":{"line":130,"column":4140}},"10":{"start":{"line":134,"column":12},"end":{"line":134,"column":46}},"11":{"start":{"line":136,"column":12},"end":{"line":136,"column":4279}},"12":{"start":{"line":138,"column":16},"end":{"line":138,"column":93}},"13":{"start":{"line":139,"column":16},"end":{"line":139,"column":52}},"14":{"start":{"line":152,"column":8},"end":{"line":152,"column":55}},"15":{"start":{"line":161,"column":8},"end":{"line":161,"column":54}},"16":{"start":{"line":171,"column":8},"end":{"line":171,"column":21}},"17":{"start":{"line":180,"column":8},"end":{"line":180,"column":23}},"18":{"start":{"line":204,"column":8},"end":{"line":204,"column":29}}},"branchMap":{"1":{"line":43,"type":"if","locations":[{"start":{"line":43,"column":8},"end":{"line":43,"column":8}},{"start":{"line":43,"column":8},"end":{"line":43,"column":8}}]},"2":{"line":51,"type":"if","locations":[{"start":{"line":51,"column":8},"end":{"line":51,"column":8}},{"start":{"line":51,"column":8},"end":{"line":51,"column":8}}]},"3":{"line":59,"type":"if","locations":[{"start":{"line":59,"column":8},"end":{"line":59,"column":8}},{"start":{"line":59,"column":8},"end":{"line":59,"column":8}}]},"4":{"line":67,"type":"if","locations":[{"start":{"line":67,"column":8},"end":{"line":67,"column":8}},{"start":{"line":67,"column":8},"end":{"line":67,"column":8}}]},"5":{"line":75,"type":"if","locations":[{"start":{"line":75,"column":8},"end":{"line":75,"column":8}},{"start":{"line":75,"column":8},"end":{"line":75,"column":8}}]},"6":{"line":90,"type":"if","locations":[{"start":{"line":90,"column":40},"end":{"line":90,"column":40}},{"start":{"line":90,"column":40},"end":{"line":90,"column":40}}]},"7":{"line":97,"type":"if","locations":[{"start":{"line":97,"column":56},"end":{"line":97,"column":56}},{"start":{"line":97,"column":56},"end":{"line":97,"column":56}}]},"8":{"line":105,"type":"if","locations":[{"start":{"line":105,"column":50},"end":{"line":105,"column":50}},{"start":{"line":105,"column":50},"end":{"line":105,"column":50}}]},"9":{"line":106,"type":"if","locations":[{"start":{"line":106,"column":8},"end":{"line":106,"column":8}},{"start":{"line":106,"column":8},"end":{"line":106,"column":8}}]},"10":{"line":116,"type":"if","locations":[{"start":{"line":116,"column":52},"end":{"line":116,"column":52}},{"start":{"line":116,"column":52},"end":{"line":116,"column":52}}]},"11":{"line":117,"type":"if","locations":[{"start":{"line":117,"column":8},"end":{"line":117,"column":8}},{"start":{"line":117,"column":8},"end":{"line":117,"column":8}}]},"12":{"line":127,"type":"if","locations":[{"start":{"line":127,"column":51},"end":{"line":127,"column":51}},{"start":{"line":127,"column":51},"end":{"line":127,"column":51}}]},"13":{"line":128,"type":"if","locations":[{"start":{"line":128,"column":8},"end":{"line":128,"column":8}},{"start":{"line":128,"column":8},"end":{"line":128,"column":8}}]},"14":{"line":130,"type":"if","locations":[{"start":{"line":130,"column":8},"end":{"line":130,"column":8}},{"start":{"line":130,"column":8},"end":{"line":130,"column":8}}]},"15":{"line":136,"type":"if","locations":[{"start":{"line":136,"column":12},"end":{"line":136,"column":12}},{"start":{"line":136,"column":12},"end":{"line":136,"column":12}}]},"16":{"line":139,"type":"if","locations":[{"start":{"line":139,"column":16},"end":{"line":139,"column":16}},{"start":{"line":139,"column":16},"end":{"line":139,"column":16}}]},"17":{"line":151,"type":"if","locations":[{"start":{"line":151,"column":51},"end":{"line":151,"column":51}},{"start":{"line":151,"column":51},"end":{"line":151,"column":51}}]},"18":{"line":152,"type":"if","locations":[{"start":{"line":152,"column":8},"end":{"line":152,"column":8}},{"start":{"line":152,"column":8},"end":{"line":152,"column":8}}]},"19":{"line":160,"type":"if","locations":[{"start":{"line":160,"column":50},"end":{"line":160,"column":50}},{"start":{"line":160,"column":50},"end":{"line":160,"column":50}}]},"20":{"line":161,"type":"if","locations":[{"start":{"line":161,"column":8},"end":{"line":161,"column":8}},{"start":{"line":161,"column":8},"end":{"line":161,"column":8}}]},"21":{"line":170,"type":"if","locations":[{"start":{"line":170,"column":30},"end":{"line":170,"column":30}},{"start":{"line":170,"column":30},"end":{"line":170,"column":30}}]},"22":{"line":179,"type":"if","locations":[{"start":{"line":179,"column":32},"end":{"line":179,"column":32}},{"start":{"line":179,"column":32},"end":{"line":179,"column":32}}]},"23":{"line":187,"type":"if","locations":[{"start":{"line":187,"column":58},"end":{"line":187,"column":58}},{"start":{"line":187,"column":58},"end":{"line":187,"column":58}}]}}},"contracts\\HestyRouter.sol":{"l":{"38":15,"39":15,"46":10,"47":6,"58":1,"60":1,"62":1,"72":1,"80":2,"81":1,"83":1,"91":2,"92":1,"94":1},"path":"C:\\Users\\pedro\\Documents\\GitHub\\hesty-contract\\contracts\\HestyRouter.sol","s":{"1":10,"2":1,"3":1,"4":1,"5":1,"6":2,"7":1,"8":2,"9":1},"b":{"1":[1,1],"2":[1,1],"3":[2,1],"4":[1,1],"5":[2,1],"6":[1,1]},"f":{"1":15,"2":10,"3":1,"4":1,"5":2,"6":2},"fnMap":{"1":{"name":"constructor","line":37,"loc":{"start":{"line":34,"column":4},"end":{"line":40,"column":4}}},"2":{"name":"onlyAdmin","line":45,"loc":{"start":{"line":45,"column":4},"end":{"line":48,"column":4}}},"3":{"name":"adminDistribution","line":56,"loc":{"start":{"line":56,"column":4},"end":{"line":63,"column":4}}},"4":{"name":"offChainBuyTokens","line":71,"loc":{"start":{"line":71,"column":4},"end":{"line":73,"column":4}}},"5":{"name":"setHestyAccessControlCtr","line":79,"loc":{"start":{"line":79,"column":4},"end":{"line":84,"column":4}}},"6":{"name":"setNewTokenFactory","line":90,"loc":{"start":{"line":90,"column":4},"end":{"line":95,"column":4}}}},"statementMap":{"1":{"start":{"line":46,"column":8},"end":{"line":46,"column":47}},"2":{"start":{"line":58,"column":8},"end":{"line":58,"column":80}},"3":{"start":{"line":60,"column":8},"end":{"line":60,"column":57}},"4":{"start":{"line":62,"column":8},"end":{"line":62,"column":72}},"5":{"start":{"line":72,"column":8},"end":{"line":72,"column":81}},"6":{"start":{"line":80,"column":8},"end":{"line":80,"column":52}},"7":{"start":{"line":83,"column":8},"end":{"line":83,"column":46}},"8":{"start":{"line":91,"column":8},"end":{"line":91,"column":52}},"9":{"start":{"line":94,"column":8},"end":{"line":94,"column":40}}},"branchMap":{"1":{"line":56,"type":"if","locations":[{"start":{"line":56,"column":76},"end":{"line":56,"column":76}},{"start":{"line":56,"column":76},"end":{"line":56,"column":76}}]},"2":{"line":71,"type":"if","locations":[{"start":{"line":71,"column":96},"end":{"line":71,"column":96}},{"start":{"line":71,"column":96},"end":{"line":71,"column":96}}]},"3":{"line":79,"type":"if","locations":[{"start":{"line":79,"column":67},"end":{"line":79,"column":67}},{"start":{"line":79,"column":67},"end":{"line":79,"column":67}}]},"4":{"line":80,"type":"if","locations":[{"start":{"line":80,"column":8},"end":{"line":80,"column":8}},{"start":{"line":80,"column":8},"end":{"line":80,"column":8}}]},"5":{"line":90,"type":"if","locations":[{"start":{"line":90,"column":61},"end":{"line":90,"column":61}},{"start":{"line":90,"column":61},"end":{"line":90,"column":61}}]},"6":{"line":91,"type":"if","locations":[{"start":{"line":91,"column":8},"end":{"line":91,"column":8}},{"start":{"line":91,"column":8},"end":{"line":91,"column":8}}]}}},"contracts\\interfaces\\IHestyAccessControl.sol":{"l":{},"path":"C:\\Users\\pedro\\Documents\\GitHub\\hesty-contract\\contracts\\interfaces\\IHestyAccessControl.sol","s":{},"b":{},"f":{},"fnMap":{},"statementMap":{},"branchMap":{}},"contracts\\interfaces\\IReferral.sol":{"l":{},"path":"C:\\Users\\pedro\\Documents\\GitHub\\hesty-contract\\contracts\\interfaces\\IReferral.sol","s":{},"b":{},"f":{},"fnMap":{},"statementMap":{},"branchMap":{}},"contracts\\interfaces\\ITokenFactory.sol":{"l":{},"path":"C:\\Users\\pedro\\Documents\\GitHub\\hesty-contract\\contracts\\interfaces\\ITokenFactory.sol","s":{},"b":{},"f":{},"fnMap":{},"statementMap":{},"branchMap":{}},"contracts\\PropertyToken.sol":{"l":{"41":14,"42":12,"49":9,"50":9,"57":9,"58":8,"65":8,"66":8,"94":88,"97":88,"99":88,"100":88,"117":2,"119":2,"121":2,"123":2,"132":2,"157":18,"158":18,"160":18,"161":2,"162":2,"182":5,"183":5,"184":5,"205":3,"206":3,"207":3,"214":7,"221":5},"path":"C:\\Users\\pedro\\Documents\\GitHub\\hesty-contract\\contracts\\PropertyToken.sol","s":{"1":14,"2":9,"3":9,"4":8,"5":88,"6":88,"7":2,"8":2,"9":2,"10":2,"11":18,"12":18,"13":2,"14":2,"15":5,"16":5,"17":5,"18":3,"19":3,"20":3,"21":7,"22":5},"b":{"1":[12,2],"2":[9,0],"3":[8,1],"4":[8,0],"5":[88,0],"6":[2,0],"7":[2,0],"8":[2,16],"9":[2,0],"10":[6,0],"11":[5,1],"12":[5,0],"13":[3,0],"14":[3,0],"15":[3,0],"16":[7,1],"17":[5,1]},"f":{"1":14,"2":9,"3":9,"4":8,"5":88,"6":2,"7":2,"8":18,"9":5,"10":3,"11":7,"12":5},"fnMap":{"1":{"name":"onlyPauser","line":40,"loc":{"start":{"line":40,"column":4},"end":{"line":43,"column":4}}},"2":{"name":"whenNotBlackListed","line":48,"loc":{"start":{"line":48,"column":4},"end":{"line":51,"column":4}}},"3":{"name":"whenKYCApproved","line":56,"loc":{"start":{"line":56,"column":4},"end":{"line":59,"column":4}}},"4":{"name":"whenNotAllPaused","line":64,"loc":{"start":{"line":64,"column":4},"end":{"line":67,"column":4}}},"5":{"name":"constructor","line":91,"loc":{"start":{"line":81,"column":4},"end":{"line":102,"column":4}}},"6":{"name":"distributionRewards","line":115,"loc":{"start":{"line":115,"column":4},"end":{"line":125,"column":4}}},"7":{"name":"claimDividensExternal","line":131,"loc":{"start":{"line":131,"column":4},"end":{"line":133,"column":4}}},"8":{"name":"claimDividends","line":155,"loc":{"start":{"line":155,"column":4},"end":{"line":165,"column":4}}},"9":{"name":"transfer","line":180,"loc":{"start":{"line":179,"column":4},"end":{"line":185,"column":4}}},"10":{"name":"transferFrom","line":203,"loc":{"start":{"line":202,"column":4},"end":{"line":208,"column":4}}},"11":{"name":"pause","line":213,"loc":{"start":{"line":213,"column":4},"end":{"line":215,"column":4}}},"12":{"name":"unpause","line":220,"loc":{"start":{"line":220,"column":4},"end":{"line":222,"column":4}}}},"statementMap":{"1":{"start":{"line":41,"column":8},"end":{"line":41,"column":62}},"2":{"start":{"line":49,"column":8},"end":{"line":49,"column":63}},"3":{"start":{"line":57,"column":8},"end":{"line":57,"column":65}},"4":{"start":{"line":65,"column":8},"end":{"line":65,"column":61}},"5":{"start":{"line":94,"column":8},"end":{"line":94,"column":68}},"6":{"start":{"line":97,"column":8},"end":{"line":97,"column":70}},"7":{"start":{"line":117,"column":8},"end":{"line":117,"column":55}},"8":{"start":{"line":119,"column":8},"end":{"line":119,"column":84}},"9":{"start":{"line":121,"column":8},"end":{"line":121,"column":42}},"10":{"start":{"line":132,"column":8},"end":{"line":132,"column":27}},"11":{"start":{"line":157,"column":8},"end":{"line":157,"column":121}},"12":{"start":{"line":160,"column":8},"end":{"line":160,"column":5310}},"13":{"start":{"line":161,"column":12},"end":{"line":161,"column":66}},"14":{"start":{"line":162,"column":12},"end":{"line":162,"column":46}},"15":{"start":{"line":182,"column":8},"end":{"line":182,"column":33}},"16":{"start":{"line":183,"column":8},"end":{"line":183,"column":25}},"17":{"start":{"line":184,"column":8},"end":{"line":184,"column":41}},"18":{"start":{"line":205,"column":8},"end":{"line":205,"column":27}},"19":{"start":{"line":206,"column":8},"end":{"line":206,"column":25}},"20":{"start":{"line":207,"column":8},"end":{"line":207,"column":51}},"21":{"start":{"line":214,"column":8},"end":{"line":214,"column":21}},"22":{"start":{"line":221,"column":8},"end":{"line":221,"column":23}}},"branchMap":{"1":{"line":41,"type":"if","locations":[{"start":{"line":41,"column":8},"end":{"line":41,"column":8}},{"start":{"line":41,"column":8},"end":{"line":41,"column":8}}]},"2":{"line":49,"type":"if","locations":[{"start":{"line":49,"column":8},"end":{"line":49,"column":8}},{"start":{"line":49,"column":8},"end":{"line":49,"column":8}}]},"3":{"line":57,"type":"if","locations":[{"start":{"line":57,"column":8},"end":{"line":57,"column":8}},{"start":{"line":57,"column":8},"end":{"line":57,"column":8}}]},"4":{"line":65,"type":"if","locations":[{"start":{"line":65,"column":8},"end":{"line":65,"column":8}},{"start":{"line":65,"column":8},"end":{"line":65,"column":8}}]},"5":{"line":94,"type":"if","locations":[{"start":{"line":94,"column":8},"end":{"line":94,"column":8}},{"start":{"line":94,"column":8},"end":{"line":94,"column":8}}]},"6":{"line":117,"type":"if","locations":[{"start":{"line":117,"column":8},"end":{"line":117,"column":8}},{"start":{"line":117,"column":8},"end":{"line":117,"column":8}}]},"7":{"line":121,"type":"if","locations":[{"start":{"line":121,"column":8},"end":{"line":121,"column":8}},{"start":{"line":121,"column":8},"end":{"line":121,"column":8}}]},"8":{"line":160,"type":"if","locations":[{"start":{"line":160,"column":8},"end":{"line":160,"column":8}},{"start":{"line":160,"column":8},"end":{"line":160,"column":8}}]},"9":{"line":162,"type":"if","locations":[{"start":{"line":162,"column":12},"end":{"line":162,"column":12}},{"start":{"line":162,"column":12},"end":{"line":162,"column":12}}]},"10":{"line":180,"type":"if","locations":[{"start":{"line":180,"column":24},"end":{"line":180,"column":24}},{"start":{"line":180,"column":24},"end":{"line":180,"column":24}}]},"11":{"line":180,"type":"if","locations":[{"start":{"line":180,"column":47},"end":{"line":180,"column":47}},{"start":{"line":180,"column":47},"end":{"line":180,"column":47}}]},"12":{"line":180,"type":"if","locations":[{"start":{"line":180,"column":67},"end":{"line":180,"column":67}},{"start":{"line":180,"column":67},"end":{"line":180,"column":67}}]},"13":{"line":203,"type":"if","locations":[{"start":{"line":203,"column":27},"end":{"line":203,"column":27}},{"start":{"line":203,"column":27},"end":{"line":203,"column":27}}]},"14":{"line":203,"type":"if","locations":[{"start":{"line":203,"column":50},"end":{"line":203,"column":50}},{"start":{"line":203,"column":50},"end":{"line":203,"column":50}}]},"15":{"line":203,"type":"if","locations":[{"start":{"line":203,"column":70},"end":{"line":203,"column":70}},{"start":{"line":203,"column":70},"end":{"line":203,"column":70}}]},"16":{"line":213,"type":"if","locations":[{"start":{"line":213,"column":30},"end":{"line":213,"column":30}},{"start":{"line":213,"column":30},"end":{"line":213,"column":30}}]},"17":{"line":220,"type":"if","locations":[{"start":{"line":220,"column":32},"end":{"line":220,"column":32}},{"start":{"line":220,"column":32},"end":{"line":220,"column":32}}]}}},"contracts\\Referral\\ReferralSystem.sol":{"l":{"55":126,"56":126,"57":126,"58":126,"66":13,"67":13,"74":2,"75":2,"82":2,"83":2,"90":31,"91":23,"104":7,"106":4,"107":3,"108":3,"110":3,"111":3,"112":3,"116":1,"117":1,"118":1,"121":4,"133":4,"135":2,"136":2,"138":2,"140":2,"151":1,"153":0,"154":0,"156":0,"158":0,"168":1,"169":1,"171":1,"173":1,"182":8,"191":9,"192":8,"194":8,"203":4,"204":2,"206":2,"215":2,"216":1,"218":1,"227":4,"228":2,"230":2,"240":4,"243":2,"244":2,"246":2,"248":2},"path":"C:\\Users\\pedro\\Documents\\GitHub\\hesty-contract\\contracts\\Referral\\ReferralSystem.sol","s":{"1":13,"2":2,"3":2,"4":31,"5":7,"6":4,"7":1,"8":4,"9":4,"10":2,"11":2,"12":2,"13":1,"14":0,"15":0,"16":0,"17":1,"18":1,"19":1,"20":8,"21":9,"22":8,"23":4,"24":2,"25":2,"26":1,"27":4,"28":2,"29":4,"30":2},"b":{"1":[13,0],"2":[2,0],"3":[2,0],"4":[7,0],"5":[4,3],"6":[3,1],"7":[1,0],"8":[4,0],"9":[2,2],"10":[2,0],"11":[1,0],"12":[1,0],"13":[1,0],"14":[1,0],"15":[0,1],"16":[1,0],"17":[1,0],"18":[1,0],"19":[1,0],"20":[9,3],"21":[8,1],"22":[4,0],"23":[2,2],"24":[2,1],"25":[1,1],"26":[4,2],"27":[2,2],"28":[4,2],"29":[2,2]},"f":{"1":126,"2":13,"3":2,"4":2,"5":31,"6":7,"7":4,"8":1,"9":1,"10":8,"11":9,"12":4,"13":2,"14":4,"15":4},"fnMap":{"1":{"name":"constructor","line":53,"loc":{"start":{"line":53,"column":4},"end":{"line":60,"column":4}}},"2":{"name":"whenNotAllPaused","line":65,"loc":{"start":{"line":65,"column":4},"end":{"line":68,"column":4}}},"3":{"name":"whenKYCApproved","line":73,"loc":{"start":{"line":73,"column":4},"end":{"line":76,"column":4}}},"4":{"name":"whenNotBlackListed","line":81,"loc":{"start":{"line":81,"column":4},"end":{"line":84,"column":4}}},"5":{"name":"onlyAdmin","line":89,"loc":{"start":{"line":89,"column":4},"end":{"line":92,"column":4}}},"6":{"name":"addRewards","line":102,"loc":{"start":{"line":102,"column":4},"end":{"line":123,"column":4}}},"7":{"name":"addGlobalRewards","line":131,"loc":{"start":{"line":131,"column":4},"end":{"line":141,"column":4}}},"8":{"name":"claimPropertyRewards","line":149,"loc":{"start":{"line":149,"column":4},"end":{"line":159,"column":4}}},"9":{"name":"claimGlobalRewards","line":166,"loc":{"start":{"line":166,"column":4},"end":{"line":175,"column":4}}},"10":{"name":"getReferrerDetails","line":181,"loc":{"start":{"line":181,"column":4},"end":{"line":183,"column":3}}},"11":{"name":"addApprovedCtrs","line":190,"loc":{"start":{"line":190,"column":4},"end":{"line":195,"column":4}}},"12":{"name":"removeApprovedCtrs","line":202,"loc":{"start":{"line":202,"column":4},"end":{"line":207,"column":4}}},"13":{"name":"setRewardToken","line":214,"loc":{"start":{"line":214,"column":4},"end":{"line":219,"column":4}}},"14":{"name":"setHestyAccessControlCtr","line":226,"loc":{"start":{"line":226,"column":4},"end":{"line":231,"column":4}}},"15":{"name":"setNewTokenFactory","line":238,"loc":{"start":{"line":238,"column":4},"end":{"line":249,"column":4}}}},"statementMap":{"1":{"start":{"line":66,"column":8},"end":{"line":66,"column":61}},"2":{"start":{"line":74,"column":8},"end":{"line":74,"column":65}},"3":{"start":{"line":82,"column":8},"end":{"line":82,"column":63}},"4":{"start":{"line":90,"column":8},"end":{"line":90,"column":44}},"5":{"start":{"line":104,"column":8},"end":{"line":104,"column":56}},"6":{"start":{"line":106,"column":8},"end":{"line":106,"column":4373}},"7":{"start":{"line":114,"column":14},"end":{"line":114,"column":4687}},"8":{"start":{"line":121,"column":8},"end":{"line":121,"column":65}},"9":{"start":{"line":133,"column":8},"end":{"line":133,"column":56}},"10":{"start":{"line":135,"column":8},"end":{"line":135,"column":88}},"11":{"start":{"line":136,"column":8},"end":{"line":136,"column":47}},"12":{"start":{"line":140,"column":8},"end":{"line":140,"column":49}},"13":{"start":{"line":151,"column":8},"end":{"line":151,"column":65}},"14":{"start":{"line":153,"column":8},"end":{"line":153,"column":48}},"15":{"start":{"line":156,"column":8},"end":{"line":156,"column":46}},"16":{"start":{"line":158,"column":8},"end":{"line":158,"column":55}},"17":{"start":{"line":168,"column":8},"end":{"line":168,"column":43}},"18":{"start":{"line":171,"column":8},"end":{"line":171,"column":46}},"19":{"start":{"line":173,"column":8},"end":{"line":173,"column":42}},"20":{"start":{"line":182,"column":8},"end":{"line":182,"column":74}},"21":{"start":{"line":191,"column":8},"end":{"line":191,"column":68}},"22":{"start":{"line":194,"column":8},"end":{"line":194,"column":46}},"23":{"start":{"line":203,"column":8},"end":{"line":203,"column":70}},"24":{"start":{"line":206,"column":8},"end":{"line":206,"column":50}},"25":{"start":{"line":215,"column":8},"end":{"line":215,"column":50}},"26":{"start":{"line":218,"column":8},"end":{"line":218,"column":37}},"27":{"start":{"line":227,"column":8},"end":{"line":227,"column":52}},"28":{"start":{"line":230,"column":8},"end":{"line":230,"column":46}},"29":{"start":{"line":240,"column":8},"end":{"line":240,"column":52}},"30":{"start":{"line":248,"column":8},"end":{"line":248,"column":40}}},"branchMap":{"1":{"line":66,"type":"if","locations":[{"start":{"line":66,"column":8},"end":{"line":66,"column":8}},{"start":{"line":66,"column":8},"end":{"line":66,"column":8}}]},"2":{"line":74,"type":"if","locations":[{"start":{"line":74,"column":8},"end":{"line":74,"column":8}},{"start":{"line":74,"column":8},"end":{"line":74,"column":8}}]},"3":{"line":82,"type":"if","locations":[{"start":{"line":82,"column":8},"end":{"line":82,"column":8}},{"start":{"line":82,"column":8},"end":{"line":82,"column":8}}]},"4":{"line":102,"type":"if","locations":[{"start":{"line":102,"column":102},"end":{"line":102,"column":102}},{"start":{"line":102,"column":102},"end":{"line":102,"column":102}}]},"5":{"line":104,"type":"if","locations":[{"start":{"line":104,"column":8},"end":{"line":104,"column":8}},{"start":{"line":104,"column":8},"end":{"line":104,"column":8}}]},"6":{"line":106,"type":"if","locations":[{"start":{"line":106,"column":8},"end":{"line":106,"column":8}},{"start":{"line":106,"column":8},"end":{"line":106,"column":8}}]},"7":{"line":114,"type":"if","locations":[{"start":{"line":114,"column":14},"end":{"line":114,"column":14}},{"start":{"line":114,"column":14},"end":{"line":114,"column":14}}]},"8":{"line":131,"type":"if","locations":[{"start":{"line":131,"column":75},"end":{"line":131,"column":75}},{"start":{"line":131,"column":75},"end":{"line":131,"column":75}}]},"9":{"line":133,"type":"if","locations":[{"start":{"line":133,"column":8},"end":{"line":133,"column":8}},{"start":{"line":133,"column":8},"end":{"line":133,"column":8}}]},"10":{"line":136,"type":"if","locations":[{"start":{"line":136,"column":8},"end":{"line":136,"column":8}},{"start":{"line":136,"column":8},"end":{"line":136,"column":8}}]},"11":{"line":149,"type":"if","locations":[{"start":{"line":149,"column":76},"end":{"line":149,"column":76}},{"start":{"line":149,"column":76},"end":{"line":149,"column":76}}]},"12":{"line":149,"type":"if","locations":[{"start":{"line":149,"column":89},"end":{"line":149,"column":89}},{"start":{"line":149,"column":89},"end":{"line":149,"column":89}}]},"13":{"line":149,"type":"if","locations":[{"start":{"line":149,"column":106},"end":{"line":149,"column":106}},{"start":{"line":149,"column":106},"end":{"line":149,"column":106}}]},"14":{"line":149,"type":"if","locations":[{"start":{"line":149,"column":134},"end":{"line":149,"column":134}},{"start":{"line":149,"column":134},"end":{"line":149,"column":134}}]},"15":{"line":151,"type":"if","locations":[{"start":{"line":151,"column":8},"end":{"line":151,"column":8}},{"start":{"line":151,"column":8},"end":{"line":151,"column":8}}]},"16":{"line":166,"type":"if","locations":[{"start":{"line":166,"column":55},"end":{"line":166,"column":55}},{"start":{"line":166,"column":55},"end":{"line":166,"column":55}}]},"17":{"line":166,"type":"if","locations":[{"start":{"line":166,"column":68},"end":{"line":166,"column":68}},{"start":{"line":166,"column":68},"end":{"line":166,"column":68}}]},"18":{"line":166,"type":"if","locations":[{"start":{"line":166,"column":85},"end":{"line":166,"column":85}},{"start":{"line":166,"column":85},"end":{"line":166,"column":85}}]},"19":{"line":166,"type":"if","locations":[{"start":{"line":166,"column":113},"end":{"line":166,"column":113}},{"start":{"line":166,"column":113},"end":{"line":166,"column":113}}]},"20":{"line":190,"type":"if","locations":[{"start":{"line":190,"column":65},"end":{"line":190,"column":65}},{"start":{"line":190,"column":65},"end":{"line":190,"column":65}}]},"21":{"line":191,"type":"if","locations":[{"start":{"line":191,"column":8},"end":{"line":191,"column":8}},{"start":{"line":191,"column":8},"end":{"line":191,"column":8}}]},"22":{"line":202,"type":"if","locations":[{"start":{"line":202,"column":68},"end":{"line":202,"column":68}},{"start":{"line":202,"column":68},"end":{"line":202,"column":68}}]},"23":{"line":203,"type":"if","locations":[{"start":{"line":203,"column":8},"end":{"line":203,"column":8}},{"start":{"line":203,"column":8},"end":{"line":203,"column":8}}]},"24":{"line":214,"type":"if","locations":[{"start":{"line":214,"column":55},"end":{"line":214,"column":55}},{"start":{"line":214,"column":55},"end":{"line":214,"column":55}}]},"25":{"line":215,"type":"if","locations":[{"start":{"line":215,"column":8},"end":{"line":215,"column":8}},{"start":{"line":215,"column":8},"end":{"line":215,"column":8}}]},"26":{"line":226,"type":"if","locations":[{"start":{"line":226,"column":67},"end":{"line":226,"column":67}},{"start":{"line":226,"column":67},"end":{"line":226,"column":67}}]},"27":{"line":227,"type":"if","locations":[{"start":{"line":227,"column":8},"end":{"line":227,"column":8}},{"start":{"line":227,"column":8},"end":{"line":227,"column":8}}]},"28":{"line":238,"type":"if","locations":[{"start":{"line":238,"column":61},"end":{"line":238,"column":61}},{"start":{"line":238,"column":61},"end":{"line":238,"column":61}}]},"29":{"line":240,"type":"if","locations":[{"start":{"line":240,"column":8},"end":{"line":240,"column":8}},{"start":{"line":240,"column":8},"end":{"line":240,"column":8}}]}}},"contracts\\TokenFactory.sol":{"l":{"114":162,"115":162,"116":162,"118":162,"119":162,"120":162,"121":162,"122":162,"123":162,"124":162,"125":162,"133":43,"134":34,"141":1,"142":1,"149":9,"150":9,"157":10,"158":10,"165":10,"166":10,"173":24,"174":24,"181":13,"182":13,"192":15,"194":15,"195":15,"197":15,"225":10,"226":10,"228":10,"236":10,"248":10,"250":10,"252":10,"266":9,"269":9,"270":9,"271":9,"272":9,"277":9,"278":9,"279":9,"282":9,"285":9,"286":9,"287":9,"290":9,"292":9,"293":9,"296":9,"298":9,"299":9,"301":9,"311":9,"313":8,"315":8,"319":8,"321":8,"325":8,"328":0,"329":0,"345":2,"347":2,"349":0,"350":0,"351":0,"353":0,"365":0,"367":0,"370":0,"371":0,"373":0,"384":1,"386":1,"388":0,"390":0,"401":2,"403":2,"405":1,"406":1,"408":1,"410":1,"424":2,"433":1,"451":1,"454":1,"457":1,"459":1,"461":1,"462":1,"464":1,"476":0,"478":0,"481":0,"482":0,"484":0,"485":0,"488":0,"489":0,"492":0,"493":0,"495":0,"507":9,"508":9,"510":9,"521":0,"522":0,"524":0,"535":2,"536":1,"538":1,"549":2,"550":1,"552":1,"561":0,"562":0,"574":0,"575":0,"577":0,"587":2,"588":1,"596":0,"597":0,"605":0,"613":0,"623":2,"624":1,"626":1,"637":2,"638":1,"640":1},"path":"C:\\Users\\pedro\\Documents\\GitHub\\hesty-contract\\contracts\\TokenFactory.sol","s":{"1":162,"2":162,"3":162,"4":43,"5":1,"6":9,"7":10,"8":10,"9":24,"10":13,"11":15,"12":15,"13":10,"14":10,"15":10,"16":10,"17":10,"18":9,"19":9,"20":9,"21":9,"22":9,"23":9,"24":9,"25":9,"26":9,"27":9,"28":9,"29":9,"30":9,"31":8,"32":8,"33":8,"34":0,"35":2,"36":2,"37":0,"38":0,"39":0,"40":0,"41":0,"42":0,"43":0,"44":0,"45":0,"46":1,"47":1,"48":0,"49":0,"50":2,"51":2,"52":1,"53":1,"54":1,"55":2,"56":1,"57":1,"58":1,"59":1,"60":1,"61":1,"62":0,"63":0,"64":0,"65":0,"66":0,"67":0,"68":9,"69":0,"70":2,"71":1,"72":2,"73":1,"74":0,"75":0,"76":0,"77":2,"78":0,"79":2,"80":1,"81":2,"82":1},"b":{"1":[162,0],"2":[162,0],"3":[162,0],"4":[9,0],"5":[10,0],"6":[10,0],"7":[24,0],"8":[13,0],"9":[15,1],"10":[15,0],"11":[10,0],"12":[10,0],"13":[10,0],"14":[10,0],"15":[10,0],"16":[9,0],"17":[9,0],"18":[9,0],"19":[9,0],"20":[9,0],"21":[9,0],"22":[9,0],"23":[8,1],"24":[8,0],"25":[0,8],"26":[0,8],"27":[2,0],"28":[2,0],"29":[0,2],"30":[0,0],"31":[0,0],"32":[0,0],"33":[0,0],"34":[1,0],"35":[1,0],"36":[0,1],"37":[2,0],"38":[2,0],"39":[2,0],"40":[1,1],"41":[1,0],"42":[1,0],"43":[1,0],"44":[0,0],"45":[0,0],"46":[9,0],"47":[9,0],"48":[0,0],"49":[0,0],"50":[2,1],"51":[1,1],"52":[2,1],"53":[1,1],"54":[0,0],"55":[0,0],"56":[0,0],"57":[0,0],"58":[0,0],"59":[2,1],"60":[2,0],"61":[1,1],"62":[0,1],"63":[0,0],"64":[0,1],"65":[0,1],"66":[2,1],"67":[1,1],"68":[2,1],"69":[1,1]},"f":{"1":162,"2":43,"3":1,"4":9,"5":10,"6":10,"7":24,"8":13,"9":15,"10":10,"11":9,"12":9,"13":2,"14":0,"15":1,"16":2,"17":2,"18":1,"19":1,"20":0,"21":9,"22":0,"23":2,"24":2,"25":0,"26":0,"27":2,"28":0,"29":0,"30":0,"31":2,"32":2},"fnMap":{"1":{"name":"constructor","line":105,"loc":{"start":{"line":105,"column":4},"end":{"line":127,"column":4}}},"2":{"name":"onlyAdmin","line":132,"loc":{"start":{"line":132,"column":4},"end":{"line":135,"column":4}}},"3":{"name":"onlyFundsManager","line":140,"loc":{"start":{"line":140,"column":4},"end":{"line":143,"column":4}}},"4":{"name":"onlyWhenInitialized","line":148,"loc":{"start":{"line":148,"column":4},"end":{"line":151,"column":4}}},"5":{"name":"whenNotBlackListed","line":156,"loc":{"start":{"line":156,"column":4},"end":{"line":159,"column":4}}},"6":{"name":"whenKYCApproved","line":164,"loc":{"start":{"line":164,"column":4},"end":{"line":167,"column":4}}},"7":{"name":"whenNotAllPaused","line":172,"loc":{"start":{"line":172,"column":4},"end":{"line":175,"column":4}}},"8":{"name":"idMustBeValid","line":180,"loc":{"start":{"line":180,"column":4},"end":{"line":183,"column":4}}},"9":{"name":"initialize","line":190,"loc":{"start":{"line":190,"column":4},"end":{"line":199,"column":4}}},"10":{"name":"createProperty","line":223,"loc":{"start":{"line":213,"column":4},"end":{"line":253,"column":4}}},"11":{"name":"buyTokens","line":264,"loc":{"start":{"line":264,"column":4},"end":{"line":302,"column":4}}},"12":{"name":"referralRewards","line":309,"loc":{"start":{"line":309,"column":4},"end":{"line":335,"column":4}}},"13":{"name":"distributeRevenue","line":343,"loc":{"start":{"line":343,"column":4},"end":{"line":355,"column":4}}},"14":{"name":"getInvestmentTokens","line":363,"loc":{"start":{"line":363,"column":4},"end":{"line":374,"column":4}}},"15":{"name":"claimInvestmentReturns","line":382,"loc":{"start":{"line":382,"column":4},"end":{"line":391,"column":4}}},"16":{"name":"recoverFundsInvested","line":399,"loc":{"start":{"line":399,"column":4},"end":{"line":412,"column":4}}},"17":{"name":"isRefClaimable","line":423,"loc":{"start":{"line":423,"column":4},"end":{"line":425,"column":4}}},"18":{"name":"getPropertyInfo","line":432,"loc":{"start":{"line":432,"column":4},"end":{"line":434,"column":4}}},"19":{"name":"adminBuyTokens","line":449,"loc":{"start":{"line":449,"column":4},"end":{"line":465,"column":4}}},"20":{"name":"completeRaise","line":474,"loc":{"start":{"line":474,"column":4},"end":{"line":497,"column":4}}},"21":{"name":"approveProperty","line":505,"loc":{"start":{"line":505,"column":4},"end":{"line":511,"column":4}}},"22":{"name":"cancelProperty","line":519,"loc":{"start":{"line":519,"column":4},"end":{"line":525,"column":4}}},"23":{"name":"setPlatformFee","line":533,"loc":{"start":{"line":533,"column":4},"end":{"line":539,"column":4}}},"24":{"name":"setOwnersFee","line":547,"loc":{"start":{"line":547,"column":4},"end":{"line":553,"column":4}}},"25":{"name":"setRefFee","line":560,"loc":{"start":{"line":560,"column":4},"end":{"line":563,"column":4}}},"26":{"name":"setNewPropertyOwnerReceiverAddress","line":572,"loc":{"start":{"line":572,"column":4},"end":{"line":578,"column":4}}},"27":{"name":"extendRaiseForProperty","line":585,"loc":{"start":{"line":585,"column":4},"end":{"line":589,"column":4}}},"28":{"name":"setMinInvAmount","line":595,"loc":{"start":{"line":595,"column":4},"end":{"line":598,"column":4}}},"29":{"name":"setMaxNumberOfReferrals","line":604,"loc":{"start":{"line":604,"column":4},"end":{"line":606,"column":4}}},"30":{"name":"setMaxAmountOfRefRev","line":612,"loc":{"start":{"line":612,"column":4},"end":{"line":614,"column":4}}},"31":{"name":"setTreasury","line":621,"loc":{"start":{"line":621,"column":4},"end":{"line":627,"column":4}}},"32":{"name":"setReferralContract","line":635,"loc":{"start":{"line":635,"column":4},"end":{"line":641,"column":4}}}},"statementMap":{"1":{"start":{"line":114,"column":8},"end":{"line":114,"column":48}},"2":{"start":{"line":115,"column":8},"end":{"line":115,"column":58}},"3":{"start":{"line":116,"column":8},"end":{"line":116,"column":55}},"4":{"start":{"line":133,"column":8},"end":{"line":133,"column":44}},"5":{"start":{"line":141,"column":8},"end":{"line":141,"column":51}},"6":{"start":{"line":149,"column":8},"end":{"line":149,"column":43}},"7":{"start":{"line":157,"column":8},"end":{"line":157,"column":69}},"8":{"start":{"line":165,"column":8},"end":{"line":165,"column":65}},"9":{"start":{"line":173,"column":8},"end":{"line":173,"column":61}},"10":{"start":{"line":181,"column":8},"end":{"line":181,"column":56}},"11":{"start":{"line":192,"column":8},"end":{"line":192,"column":44}},"12":{"start":{"line":197,"column":8},"end":{"line":197,"column":50}},"13":{"start":{"line":225,"column":8},"end":{"line":225,"column":93}},"14":{"start":{"line":226,"column":8},"end":{"line":226,"column":68}},"15":{"start":{"line":228,"column":8},"end":{"line":228,"column":9496}},"16":{"start":{"line":250,"column":8},"end":{"line":250,"column":48}},"17":{"start":{"line":252,"column":8},"end":{"line":252,"column":34}},"18":{"start":{"line":266,"column":8},"end":{"line":266,"column":45}},"19":{"start":{"line":269,"column":8},"end":{"line":269,"column":67}},"20":{"start":{"line":270,"column":8},"end":{"line":270,"column":56}},"21":{"start":{"line":271,"column":8},"end":{"line":271,"column":62}},"22":{"start":{"line":272,"column":8},"end":{"line":272,"column":68}},"23":{"start":{"line":277,"column":8},"end":{"line":277,"column":52}},"24":{"start":{"line":278,"column":8},"end":{"line":278,"column":87}},"25":{"start":{"line":279,"column":8},"end":{"line":279,"column":59}},"26":{"start":{"line":282,"column":8},"end":{"line":282,"column":76}},"27":{"start":{"line":290,"column":8},"end":{"line":290,"column":90}},"28":{"start":{"line":296,"column":8},"end":{"line":296,"column":62}},"29":{"start":{"line":301,"column":8},"end":{"line":301,"column":78}},"30":{"start":{"line":311,"column":8},"end":{"line":311,"column":13188}},"31":{"start":{"line":313,"column":12},"end":{"line":313,"column":101}},"32":{"start":{"line":315,"column":12},"end":{"line":315,"column":85}},"33":{"start":{"line":325,"column":12},"end":{"line":325,"column":13909}},"34":{"start":{"line":328,"column":16},"end":{"line":328,"column":14065}},"35":{"start":{"line":345,"column":8},"end":{"line":345,"column":45}},"36":{"start":{"line":347,"column":8},"end":{"line":347,"column":47}},"37":{"start":{"line":349,"column":8},"end":{"line":349,"column":77}},"38":{"start":{"line":350,"column":8},"end":{"line":350,"column":54}},"39":{"start":{"line":351,"column":8},"end":{"line":351,"column":57}},"40":{"start":{"line":353,"column":8},"end":{"line":353,"column":39}},"41":{"start":{"line":365,"column":8},"end":{"line":365,"column":45}},"42":{"start":{"line":367,"column":8},"end":{"line":367,"column":47}},"43":{"start":{"line":370,"column":8},"end":{"line":370,"column":15489}},"44":{"start":{"line":371,"column":12},"end":{"line":371,"column":67}},"45":{"start":{"line":373,"column":8},"end":{"line":373,"column":42}},"46":{"start":{"line":384,"column":8},"end":{"line":384,"column":45}},"47":{"start":{"line":386,"column":8},"end":{"line":386,"column":47}},"48":{"start":{"line":388,"column":8},"end":{"line":388,"column":57}},"49":{"start":{"line":390,"column":8},"end":{"line":390,"column":35}},"50":{"start":{"line":401,"column":8},"end":{"line":401,"column":45}},"51":{"start":{"line":403,"column":8},"end":{"line":403,"column":85}},"52":{"start":{"line":405,"column":8},"end":{"line":405,"column":55}},"53":{"start":{"line":408,"column":8},"end":{"line":408,"column":52}},"54":{"start":{"line":410,"column":8},"end":{"line":410,"column":35}},"55":{"start":{"line":424,"column":8},"end":{"line":424,"column":88}},"56":{"start":{"line":433,"column":8},"end":{"line":433,"column":62}},"57":{"start":{"line":451,"column":8},"end":{"line":451,"column":48}},"58":{"start":{"line":454,"column":8},"end":{"line":454,"column":67}},"59":{"start":{"line":457,"column":8},"end":{"line":457,"column":52}},"60":{"start":{"line":459,"column":8},"end":{"line":459,"column":46}},"61":{"start":{"line":464,"column":8},"end":{"line":464,"column":73}},"62":{"start":{"line":476,"column":8},"end":{"line":476,"column":62}},"63":{"start":{"line":482,"column":8},"end":{"line":482,"column":76}},"64":{"start":{"line":485,"column":8},"end":{"line":485,"column":83}},"65":{"start":{"line":489,"column":8},"end":{"line":489,"column":101}},"66":{"start":{"line":493,"column":8},"end":{"line":493,"column":89}},"67":{"start":{"line":495,"column":8},"end":{"line":495,"column":30}},"68":{"start":{"line":510,"column":8},"end":{"line":510,"column":32}},"69":{"start":{"line":524,"column":8},"end":{"line":524,"column":31}},"70":{"start":{"line":535,"column":8},"end":{"line":535,"column":58}},"71":{"start":{"line":538,"column":8},"end":{"line":538,"column":35}},"72":{"start":{"line":549,"column":8},"end":{"line":549,"column":59}},"73":{"start":{"line":552,"column":8},"end":{"line":552,"column":37}},"74":{"start":{"line":561,"column":8},"end":{"line":561,"column":63}},"75":{"start":{"line":574,"column":8},"end":{"line":574,"column":66}},"76":{"start":{"line":577,"column":8},"end":{"line":577,"column":53}},"77":{"start":{"line":587,"column":8},"end":{"line":587,"column":76}},"78":{"start":{"line":596,"column":8},"end":{"line":596,"column":47}},"79":{"start":{"line":623,"column":8},"end":{"line":623,"column":56}},"80":{"start":{"line":626,"column":8},"end":{"line":626,"column":37}},"81":{"start":{"line":637,"column":8},"end":{"line":637,"column":64}},"82":{"start":{"line":640,"column":8},"end":{"line":640,"column":54}}},"branchMap":{"1":{"line":114,"type":"if","locations":[{"start":{"line":114,"column":8},"end":{"line":114,"column":8}},{"start":{"line":114,"column":8},"end":{"line":114,"column":8}}]},"2":{"line":115,"type":"if","locations":[{"start":{"line":115,"column":8},"end":{"line":115,"column":8}},{"start":{"line":115,"column":8},"end":{"line":115,"column":8}}]},"3":{"line":116,"type":"if","locations":[{"start":{"line":116,"column":8},"end":{"line":116,"column":8}},{"start":{"line":116,"column":8},"end":{"line":116,"column":8}}]},"4":{"line":149,"type":"if","locations":[{"start":{"line":149,"column":8},"end":{"line":149,"column":8}},{"start":{"line":149,"column":8},"end":{"line":149,"column":8}}]},"5":{"line":157,"type":"if","locations":[{"start":{"line":157,"column":8},"end":{"line":157,"column":8}},{"start":{"line":157,"column":8},"end":{"line":157,"column":8}}]},"6":{"line":165,"type":"if","locations":[{"start":{"line":165,"column":8},"end":{"line":165,"column":8}},{"start":{"line":165,"column":8},"end":{"line":165,"column":8}}]},"7":{"line":173,"type":"if","locations":[{"start":{"line":173,"column":8},"end":{"line":173,"column":8}},{"start":{"line":173,"column":8},"end":{"line":173,"column":8}}]},"8":{"line":181,"type":"if","locations":[{"start":{"line":181,"column":8},"end":{"line":181,"column":8}},{"start":{"line":181,"column":8},"end":{"line":181,"column":8}}]},"9":{"line":190,"type":"if","locations":[{"start":{"line":190,"column":61},"end":{"line":190,"column":61}},{"start":{"line":190,"column":61},"end":{"line":190,"column":61}}]},"10":{"line":192,"type":"if","locations":[{"start":{"line":192,"column":8},"end":{"line":192,"column":8}},{"start":{"line":192,"column":8},"end":{"line":192,"column":8}}]},"11":{"line":223,"type":"if","locations":[{"start":{"line":223,"column":15},"end":{"line":223,"column":15}},{"start":{"line":223,"column":15},"end":{"line":223,"column":15}}]},"12":{"line":223,"type":"if","locations":[{"start":{"line":223,"column":43},"end":{"line":223,"column":43}},{"start":{"line":223,"column":43},"end":{"line":223,"column":43}}]},"13":{"line":223,"type":"if","locations":[{"start":{"line":223,"column":60},"end":{"line":223,"column":60}},{"start":{"line":223,"column":60},"end":{"line":223,"column":60}}]},"14":{"line":225,"type":"if","locations":[{"start":{"line":225,"column":8},"end":{"line":225,"column":8}},{"start":{"line":225,"column":8},"end":{"line":225,"column":8}}]},"15":{"line":226,"type":"if","locations":[{"start":{"line":226,"column":8},"end":{"line":226,"column":8}},{"start":{"line":226,"column":8},"end":{"line":226,"column":8}}]},"16":{"line":264,"type":"if","locations":[{"start":{"line":264,"column":93},"end":{"line":264,"column":93}},{"start":{"line":264,"column":93},"end":{"line":264,"column":93}}]},"17":{"line":264,"type":"if","locations":[{"start":{"line":264,"column":106},"end":{"line":264,"column":106}},{"start":{"line":264,"column":106},"end":{"line":264,"column":106}}]},"18":{"line":264,"type":"if","locations":[{"start":{"line":264,"column":126},"end":{"line":264,"column":126}},{"start":{"line":264,"column":126},"end":{"line":264,"column":126}}]},"19":{"line":269,"type":"if","locations":[{"start":{"line":269,"column":8},"end":{"line":269,"column":8}},{"start":{"line":269,"column":8},"end":{"line":269,"column":8}}]},"20":{"line":270,"type":"if","locations":[{"start":{"line":270,"column":8},"end":{"line":270,"column":8}},{"start":{"line":270,"column":8},"end":{"line":270,"column":8}}]},"21":{"line":271,"type":"if","locations":[{"start":{"line":271,"column":8},"end":{"line":271,"column":8}},{"start":{"line":271,"column":8},"end":{"line":271,"column":8}}]},"22":{"line":272,"type":"if","locations":[{"start":{"line":272,"column":8},"end":{"line":272,"column":8}},{"start":{"line":272,"column":8},"end":{"line":272,"column":8}}]},"23":{"line":311,"type":"if","locations":[{"start":{"line":311,"column":8},"end":{"line":311,"column":8}},{"start":{"line":311,"column":8},"end":{"line":311,"column":8}}]},"24":{"line":319,"type":"if","locations":[{"start":{"line":319,"column":70},"end":{"line":319,"column":86}},{"start":{"line":319,"column":90},"end":{"line":319,"column":100}}]},"25":{"line":321,"type":"if","locations":[{"start":{"line":321,"column":68},"end":{"line":321,"column":98}},{"start":{"line":321,"column":102},"end":{"line":321,"column":108}}]},"26":{"line":325,"type":"if","locations":[{"start":{"line":325,"column":12},"end":{"line":325,"column":12}},{"start":{"line":325,"column":12},"end":{"line":325,"column":12}}]},"27":{"line":343,"type":"if","locations":[{"start":{"line":343,"column":68},"end":{"line":343,"column":68}},{"start":{"line":343,"column":68},"end":{"line":343,"column":68}}]},"28":{"line":343,"type":"if","locations":[{"start":{"line":343,"column":81},"end":{"line":343,"column":81}},{"start":{"line":343,"column":81},"end":{"line":343,"column":81}}]},"29":{"line":347,"type":"if","locations":[{"start":{"line":347,"column":8},"end":{"line":347,"column":8}},{"start":{"line":347,"column":8},"end":{"line":347,"column":8}}]},"30":{"line":363,"type":"if","locations":[{"start":{"line":363,"column":68},"end":{"line":363,"column":68}},{"start":{"line":363,"column":68},"end":{"line":363,"column":68}}]},"31":{"line":363,"type":"if","locations":[{"start":{"line":363,"column":81},"end":{"line":363,"column":81}},{"start":{"line":363,"column":81},"end":{"line":363,"column":81}}]},"32":{"line":367,"type":"if","locations":[{"start":{"line":367,"column":8},"end":{"line":367,"column":8}},{"start":{"line":367,"column":8},"end":{"line":367,"column":8}}]},"33":{"line":370,"type":"if","locations":[{"start":{"line":370,"column":8},"end":{"line":370,"column":8}},{"start":{"line":370,"column":8},"end":{"line":370,"column":8}}]},"34":{"line":382,"type":"if","locations":[{"start":{"line":382,"column":71},"end":{"line":382,"column":71}},{"start":{"line":382,"column":71},"end":{"line":382,"column":71}}]},"35":{"line":382,"type":"if","locations":[{"start":{"line":382,"column":84},"end":{"line":382,"column":84}},{"start":{"line":382,"column":84},"end":{"line":382,"column":84}}]},"36":{"line":386,"type":"if","locations":[{"start":{"line":386,"column":8},"end":{"line":386,"column":8}},{"start":{"line":386,"column":8},"end":{"line":386,"column":8}}]},"37":{"line":399,"type":"if","locations":[{"start":{"line":399,"column":69},"end":{"line":399,"column":69}},{"start":{"line":399,"column":69},"end":{"line":399,"column":69}}]},"38":{"line":399,"type":"if","locations":[{"start":{"line":399,"column":82},"end":{"line":399,"column":82}},{"start":{"line":399,"column":82},"end":{"line":399,"column":82}}]},"39":{"line":399,"type":"if","locations":[{"start":{"line":399,"column":99},"end":{"line":399,"column":99}},{"start":{"line":399,"column":99},"end":{"line":399,"column":99}}]},"40":{"line":403,"type":"if","locations":[{"start":{"line":403,"column":8},"end":{"line":403,"column":8}},{"start":{"line":403,"column":8},"end":{"line":403,"column":8}}]},"41":{"line":449,"type":"if","locations":[{"start":{"line":449,"column":80},"end":{"line":449,"column":80}},{"start":{"line":449,"column":80},"end":{"line":449,"column":80}}]},"42":{"line":449,"type":"if","locations":[{"start":{"line":449,"column":93},"end":{"line":449,"column":93}},{"start":{"line":449,"column":93},"end":{"line":449,"column":93}}]},"43":{"line":454,"type":"if","locations":[{"start":{"line":454,"column":8},"end":{"line":454,"column":8}},{"start":{"line":454,"column":8},"end":{"line":454,"column":8}}]},"44":{"line":474,"type":"if","locations":[{"start":{"line":474,"column":48},"end":{"line":474,"column":48}},{"start":{"line":474,"column":48},"end":{"line":474,"column":48}}]},"45":{"line":476,"type":"if","locations":[{"start":{"line":476,"column":8},"end":{"line":476,"column":8}},{"start":{"line":476,"column":8},"end":{"line":476,"column":8}}]},"46":{"line":505,"type":"if","locations":[{"start":{"line":505,"column":73},"end":{"line":505,"column":73}},{"start":{"line":505,"column":73},"end":{"line":505,"column":73}}]},"47":{"line":505,"type":"if","locations":[{"start":{"line":505,"column":83},"end":{"line":505,"column":83}},{"start":{"line":505,"column":83},"end":{"line":505,"column":83}}]},"48":{"line":519,"type":"if","locations":[{"start":{"line":519,"column":49},"end":{"line":519,"column":49}},{"start":{"line":519,"column":49},"end":{"line":519,"column":49}}]},"49":{"line":519,"type":"if","locations":[{"start":{"line":519,"column":59},"end":{"line":519,"column":59}},{"start":{"line":519,"column":59},"end":{"line":519,"column":59}}]},"50":{"line":533,"type":"if","locations":[{"start":{"line":533,"column":53},"end":{"line":533,"column":53}},{"start":{"line":533,"column":53},"end":{"line":533,"column":53}}]},"51":{"line":535,"type":"if","locations":[{"start":{"line":535,"column":8},"end":{"line":535,"column":8}},{"start":{"line":535,"column":8},"end":{"line":535,"column":8}}]},"52":{"line":547,"type":"if","locations":[{"start":{"line":547,"column":63},"end":{"line":547,"column":63}},{"start":{"line":547,"column":63},"end":{"line":547,"column":63}}]},"53":{"line":549,"type":"if","locations":[{"start":{"line":549,"column":8},"end":{"line":549,"column":8}},{"start":{"line":549,"column":8},"end":{"line":549,"column":8}}]},"54":{"line":560,"type":"if","locations":[{"start":{"line":560,"column":48},"end":{"line":560,"column":48}},{"start":{"line":560,"column":48},"end":{"line":560,"column":48}}]},"55":{"line":561,"type":"if","locations":[{"start":{"line":561,"column":8},"end":{"line":561,"column":8}},{"start":{"line":561,"column":8},"end":{"line":561,"column":8}}]},"56":{"line":572,"type":"if","locations":[{"start":{"line":572,"column":89},"end":{"line":572,"column":89}},{"start":{"line":572,"column":89},"end":{"line":572,"column":89}}]},"57":{"line":572,"type":"if","locations":[{"start":{"line":572,"column":99},"end":{"line":572,"column":99}},{"start":{"line":572,"column":99},"end":{"line":572,"column":99}}]},"58":{"line":574,"type":"if","locations":[{"start":{"line":574,"column":8},"end":{"line":574,"column":8}},{"start":{"line":574,"column":8},"end":{"line":574,"column":8}}]},"59":{"line":585,"type":"if","locations":[{"start":{"line":585,"column":78},"end":{"line":585,"column":78}},{"start":{"line":585,"column":78},"end":{"line":585,"column":78}}]},"60":{"line":585,"type":"if","locations":[{"start":{"line":585,"column":88},"end":{"line":585,"column":88}},{"start":{"line":585,"column":88},"end":{"line":585,"column":88}}]},"61":{"line":587,"type":"if","locations":[{"start":{"line":587,"column":8},"end":{"line":587,"column":8}},{"start":{"line":587,"column":8},"end":{"line":587,"column":8}}]},"62":{"line":595,"type":"if","locations":[{"start":{"line":595,"column":57},"end":{"line":595,"column":57}},{"start":{"line":595,"column":57},"end":{"line":595,"column":57}}]},"63":{"line":596,"type":"if","locations":[{"start":{"line":596,"column":8},"end":{"line":596,"column":8}},{"start":{"line":596,"column":8},"end":{"line":596,"column":8}}]},"64":{"line":604,"type":"if","locations":[{"start":{"line":604,"column":62},"end":{"line":604,"column":62}},{"start":{"line":604,"column":62},"end":{"line":604,"column":62}}]},"65":{"line":612,"type":"if","locations":[{"start":{"line":612,"column":59},"end":{"line":612,"column":59}},{"start":{"line":612,"column":59},"end":{"line":612,"column":59}}]},"66":{"line":621,"type":"if","locations":[{"start":{"line":621,"column":55},"end":{"line":621,"column":55}},{"start":{"line":621,"column":55},"end":{"line":621,"column":55}}]},"67":{"line":623,"type":"if","locations":[{"start":{"line":623,"column":8},"end":{"line":623,"column":8}},{"start":{"line":623,"column":8},"end":{"line":623,"column":8}}]},"68":{"line":635,"type":"if","locations":[{"start":{"line":635,"column":71},"end":{"line":635,"column":71}},{"start":{"line":635,"column":71},"end":{"line":635,"column":71}}]},"69":{"line":637,"type":"if","locations":[{"start":{"line":637,"column":8},"end":{"line":637,"column":8}},{"start":{"line":637,"column":8},"end":{"line":637,"column":8}}]}}}}