TN:
SF:C:\Users\pedro\Documents\GitHub\hesty-contract\contracts\Constants.sol
FNF:0
FNH:0
LF:0
LH:0
BRF:0
BRH:0
end_of_record
TN:
SF:C:\Users\pedro\Documents\GitHub\hesty-contract\contracts\HestyAccessControl.sol
FN:29,constructor
FN:39,onlyAdminManager
FN:44,onlyFundManager
FN:49,onlyBlackListManager
FN:54,onlyKYCManager
FN:59,onlyPauserManager
FN:75,onlyAdmin
FN:77,onlyFundsManager
FN:85,blacklistUser
FN:96,unBlacklistUser
FN:107,approveUserKYC
FN:133,revertUserKYC
FN:143,pause
FN:152,unpause
FN:157,setSponsorAmount
FN:173,paused
FNF:16
FNH:13
FNDA:114,constructor
FNDA:12,onlyAdminManager
FNDA:0,onlyFundManager
FNDA:28,onlyBlackListManager
FNDA:17,onlyKYCManager
FNDA:10,onlyPauserManager
FNDA:9,onlyAdmin
FNDA:0,onlyFundsManager
FNDA:8,blacklistUser
FNDA:6,unBlacklistUser
FNDA:10,approveUserKYC
FNDA:5,revertUserKYC
FNDA:5,pause
FNDA:3,unpause
FNDA:0,setSponsorAmount
FNDA:27,paused
DA:30,114
DA:40,12
DA:41,9
DA:45,0
DA:46,0
DA:50,28
DA:51,14
DA:55,17
DA:56,15
DA:60,10
DA:61,8
DA:86,8
DA:87,7
DA:97,6
DA:98,4
DA:108,10
DA:110,9
DA:112,8
DA:114,8
DA:116,8
DA:118,0
DA:119,0
DA:124,9
DA:134,5
DA:135,3
DA:144,5
DA:153,3
DA:158,0
DA:174,27
LF:29
LH:24
BRDA:40,1,0,9
BRDA:40,1,1,3
BRDA:45,2,0,0
BRDA:45,2,1,0
BRDA:50,3,0,14
BRDA:50,3,1,14
BRDA:55,4,0,15
BRDA:55,4,1,2
BRDA:60,5,0,8
BRDA:60,5,1,2
BRDA:75,6,0,9
BRDA:75,6,1,3
BRDA:77,7,0,0
BRDA:77,7,1,0
BRDA:85,8,0,8
BRDA:85,8,1,10
BRDA:86,9,0,7
BRDA:86,9,1,1
BRDA:96,10,0,6
BRDA:96,10,1,4
BRDA:97,11,0,4
BRDA:97,11,1,2
BRDA:107,12,0,10
BRDA:107,12,1,1
BRDA:108,13,0,9
BRDA:108,13,1,1
BRDA:110,14,0,8
BRDA:110,14,1,1
BRDA:116,15,0,0
BRDA:116,15,1,8
BRDA:119,16,0,0
BRDA:119,16,1,0
BRDA:133,17,0,5
BRDA:133,17,1,1
BRDA:134,18,0,3
BRDA:134,18,1,2
BRDA:143,19,0,5
BRDA:143,19,1,1
BRDA:152,20,0,3
BRDA:152,20,1,1
BRDA:157,21,0,0
BRDA:157,21,1,0
BRF:42
BRH:33
end_of_record
TN:
SF:C:\Users\pedro\Documents\GitHub\hesty-contract\contracts\HestyRouter.sol
FN:34,onlyAdmin
FN:39,onlyBlackListManager
FN:44,onlyKYCManager
FN:49,onlyPauserManager
FN:57,constructor
FN:68,adminDistribution
FN:78,offChainBuyTokens
FN:82,revertUserBuyTokens
FNF:8
FNH:0
FNDA:0,onlyAdmin
FNDA:0,onlyBlackListManager
FNDA:0,onlyKYCManager
FNDA:0,onlyPauserManager
FNDA:0,constructor
FNDA:0,adminDistribution
FNDA:0,offChainBuyTokens
FNDA:0,revertUserBuyTokens
DA:35,0
DA:36,0
DA:40,0
DA:41,0
DA:45,0
DA:46,0
DA:50,0
DA:51,0
DA:58,0
DA:59,0
DA:69,0
DA:79,0
LF:12
LH:0
BRDA:40,1,0,0
BRDA:40,1,1,0
BRDA:45,2,0,0
BRDA:45,2,1,0
BRDA:50,3,0,0
BRDA:50,3,1,0
BRDA:68,4,0,0
BRDA:68,4,1,0
BRDA:78,5,0,0
BRDA:78,5,1,0
BRDA:82,6,0,0
BRDA:82,6,1,0
BRF:12
BRH:0
end_of_record
TN:
SF:C:\Users\pedro\Documents\GitHub\hesty-contract\contracts\interfaces\IHestyAccessControl.sol
FNF:0
FNH:0
LF:0
LH:0
BRF:0
BRH:0
end_of_record
TN:
SF:C:\Users\pedro\Documents\GitHub\hesty-contract\contracts\interfaces\IReferral.sol
FNF:0
FNH:0
LF:0
LH:0
BRF:0
BRH:0
end_of_record
TN:
SF:C:\Users\pedro\Documents\GitHub\hesty-contract\contracts\interfaces\ITokenFactory.sol
FNF:0
FNH:0
LF:0
LH:0
BRF:0
BRH:0
end_of_record
TN:
SF:C:\Users\pedro\Documents\GitHub\hesty-contract\contracts\PropertyToken.sol
FN:40,onlyPauser
FN:45,onlyBlackLister
FN:50,whenNotBlackListed
FN:55,whenKYCApproved
FN:60,whenNotAllPaused
FN:87,constructor
FN:108,distributionRewards
FN:124,claimDividensExternal
FN:148,claimDividends
FN:173,transfer
FN:196,transferFrom
FN:203,pause
FN:207,unpause
FNF:13
FNH:6
FNDA:0,onlyPauser
FNDA:0,onlyBlackLister
FNDA:1,whenNotBlackListed
FNDA:1,whenKYCApproved
FNDA:1,whenNotAllPaused
FNDA:2,constructor
FNDA:0,distributionRewards
FNDA:0,claimDividensExternal
FNDA:2,claimDividends
FNDA:1,transfer
FNDA:0,transferFrom
FNDA:0,pause
FNDA:0,unpause
DA:41,0
DA:42,0
DA:46,0
DA:47,0
DA:51,1
DA:52,1
DA:56,1
DA:57,1
DA:61,1
DA:62,1
DA:90,2
DA:92,2
DA:93,2
DA:110,0
DA:112,0
DA:114,0
DA:116,0
DA:125,0
DA:150,2
DA:151,2
DA:153,2
DA:154,0
DA:155,0
DA:175,1
DA:176,1
DA:177,1
DA:198,0
DA:199,0
DA:200,0
DA:204,0
DA:208,0
LF:31
LH:15
BRDA:41,1,0,0
BRDA:41,1,1,0
BRDA:46,2,0,0
BRDA:46,2,1,0
BRDA:51,3,0,1
BRDA:51,3,1,0
BRDA:56,4,0,1
BRDA:56,4,1,0
BRDA:61,5,0,1
BRDA:61,5,1,0
BRDA:110,6,0,0
BRDA:110,6,1,0
BRDA:114,7,0,0
BRDA:114,7,1,0
BRDA:153,8,0,0
BRDA:153,8,1,2
BRDA:155,9,0,0
BRDA:155,9,1,0
BRDA:173,10,0,1
BRDA:173,10,1,0
BRDA:173,11,0,1
BRDA:173,11,1,0
BRDA:173,12,0,1
BRDA:173,12,1,0
BRDA:196,13,0,0
BRDA:196,13,1,0
BRDA:196,14,0,0
BRDA:196,14,1,0
BRDA:196,15,0,0
BRDA:196,15,1,0
BRDA:203,16,0,0
BRDA:203,16,1,0
BRDA:207,17,0,0
BRDA:207,17,1,0
BRF:34
BRH:7
end_of_record
TN:
SF:C:\Users\pedro\Documents\GitHub\hesty-contract\contracts\Referral\ReferralSystem.sol
FN:29,constructor
FN:37,whenNotAllPaused
FN:42,whenKYCApproved
FN:47,whenNotBlackListed
FN:55,onlyAdmin
FN:67,addRewards
FN:82,addGlobalRewards
FN:98,claimPropertyRewards
FN:109,claimGlobalRewards
FN:123,getReferrerDetails
FN:127,addApprovedCtrs
FN:131,removeApprovedCtrs
FN:136,setRewardToken
FNF:13
FNH:1
FNDA:54,constructor
FNDA:0,whenNotAllPaused
FNDA:0,whenKYCApproved
FNDA:0,whenNotBlackListed
FNDA:0,onlyAdmin
FNDA:0,addRewards
FNDA:0,addGlobalRewards
FNDA:0,claimPropertyRewards
FNDA:0,claimGlobalRewards
FNDA:0,getReferrerDetails
FNDA:0,addApprovedCtrs
FNDA:0,removeApprovedCtrs
FNDA:0,setRewardToken
DA:30,54
DA:31,54
DA:32,54
DA:33,54
DA:38,0
DA:39,0
DA:43,0
DA:44,0
DA:48,0
DA:49,0
DA:56,0
DA:57,0
DA:69,0
DA:71,0
DA:72,0
DA:73,0
DA:76,0
DA:77,0
DA:78,0
DA:84,0
DA:85,0
DA:88,0
DA:89,0
DA:90,0
DA:93,0
DA:100,0
DA:102,0
DA:103,0
DA:105,0
DA:112,0
DA:113,0
DA:115,0
DA:124,0
DA:128,0
DA:132,0
DA:133,0
DA:137,0
LF:37
LH:4
BRDA:38,1,0,0
BRDA:38,1,1,0
BRDA:43,2,0,0
BRDA:43,2,1,0
BRDA:48,3,0,0
BRDA:48,3,1,0
BRDA:67,4,0,0
BRDA:67,4,1,0
BRDA:69,5,0,0
BRDA:69,5,1,0
BRDA:71,6,0,0
BRDA:71,6,1,0
BRDA:82,7,0,0
BRDA:82,7,1,0
BRDA:85,8,0,0
BRDA:85,8,1,0
BRDA:88,9,0,0
BRDA:88,9,1,0
BRDA:98,10,0,0
BRDA:98,10,1,0
BRDA:98,11,0,0
BRDA:98,11,1,0
BRDA:98,12,0,0
BRDA:98,12,1,0
BRDA:98,13,0,0
BRDA:98,13,1,0
BRDA:100,14,0,0
BRDA:100,14,1,0
BRDA:109,15,0,0
BRDA:109,15,1,0
BRDA:109,16,0,0
BRDA:109,16,1,0
BRDA:109,17,0,0
BRDA:109,17,1,0
BRDA:109,18,0,0
BRDA:109,18,1,0
BRDA:127,19,0,0
BRDA:127,19,1,0
BRDA:131,20,0,0
BRDA:131,20,1,0
BRDA:132,21,0,0
BRDA:132,21,1,0
BRDA:136,22,0,0
BRDA:136,22,1,0
BRF:44
BRH:0
end_of_record
TN:
SF:C:\Users\pedro\Documents\GitHub\hesty-contract\contracts\TokenFactory.sol
FN:95,constructor
FN:121,onlyAdmin
FN:129,onlyFundsManager
FN:137,onlyWhenInitialized
FN:145,whenNotBlackListed
FN:153,whenKYCApproved
FN:161,whenNotAllPaused
FN:170,initialize
FN:201,createProperty
FN:238,buyTokens
FN:279,referralRewards
FN:306,distributeRevenue
FN:322,claimInvestmentreturns
FN:329,recoverFundsInvested
FN:348,adminDistributeRevenue
FN:356,adminBuyTokens
FN:383,isRefClaimable
FN:388,getPropertyToken
FN:402,completeRaise
FN:430,approveProperty
FN:443,cancelProperty
FN:458,setPlatformFee
FN:469,setRefFee
FN:480,setNewPropertyOwnerReceiverAddress
FN:492,extendRaiseForProperty
FN:503,setMinInvAmount
FN:516,setMaxNumberOfReferrals
FN:528,setTreasury
FN:542,setReferralContract
FNF:29
FNH:11
FNDA:54,constructor
FNDA:10,onlyAdmin
FNDA:0,onlyFundsManager
FNDA:1,onlyWhenInitialized
FNDA:2,whenNotBlackListed
FNDA:2,whenKYCApproved
FNDA:3,whenNotAllPaused
FNDA:7,initialize
FNDA:2,createProperty
FNDA:1,buyTokens
FNDA:1,referralRewards
FNDA:0,distributeRevenue
FNDA:0,claimInvestmentreturns
FNDA:0,recoverFundsInvested
FNDA:0,adminDistributeRevenue
FNDA:0,adminBuyTokens
FNDA:0,isRefClaimable
FNDA:0,getPropertyToken
FNDA:0,completeRaise
FNDA:1,approveProperty
FNDA:0,cancelProperty
FNDA:0,setPlatformFee
FNDA:0,setRefFee
FNDA:0,setNewPropertyOwnerReceiverAddress
FNDA:0,extendRaiseForProperty
FNDA:0,setMinInvAmount
FNDA:0,setMaxNumberOfReferrals
FNDA:0,setTreasury
FNDA:0,setReferralContract
DA:104,54
DA:105,54
DA:106,54
DA:107,54
DA:108,54
DA:109,54
DA:110,54
DA:111,54
DA:112,54
DA:113,54
DA:114,54
DA:122,10
DA:123,8
DA:130,0
DA:131,0
DA:138,1
DA:139,1
DA:146,2
DA:147,2
DA:154,2
DA:155,2
DA:162,3
DA:163,3
DA:172,7
DA:174,7
DA:175,7
DA:203,2
DA:205,2
DA:212,2
DA:226,2
DA:227,2
DA:240,1
DA:243,1
DA:244,1
DA:245,1
DA:246,1
DA:251,1
DA:252,1
DA:253,1
DA:256,1
DA:259,1
DA:262,1
DA:263,1
DA:266,1
DA:268,1
DA:269,1
DA:271,1
DA:273,1
DA:274,1
DA:276,1
DA:280,1
DA:282,0
DA:284,0
DA:286,0
DA:289,0
DA:292,0
DA:293,0
DA:308,0
DA:310,0
DA:311,0
DA:312,0
DA:314,0
DA:324,0
DA:326,0
DA:331,0
DA:333,0
DA:335,0
DA:336,0
DA:338,0
DA:349,0
DA:350,0
DA:351,0
DA:352,0
DA:358,0
DA:361,0
DA:364,0
DA:366,0
DA:368,0
DA:369,0
DA:371,0
DA:384,0
DA:389,0
DA:404,0
DA:406,0
DA:409,0
DA:410,0
DA:412,0
DA:413,0
DA:416,0
DA:417,0
DA:421,0
DA:422,0
DA:432,1
DA:434,1
DA:435,1
DA:445,0
DA:447,0
DA:448,0
DA:450,0
DA:460,0
DA:461,0
DA:471,0
DA:472,0
DA:482,0
DA:483,0
DA:485,0
DA:494,0
DA:495,0
DA:505,0
DA:506,0
DA:508,0
DA:518,0
DA:520,0
DA:530,0
DA:531,0
DA:533,0
DA:544,0
DA:545,0
DA:547,0
LF:119
LH:52
BRDA:104,1,0,54
BRDA:104,1,1,0
BRDA:105,2,0,54
BRDA:105,2,1,0
BRDA:138,3,0,1
BRDA:138,3,1,0
BRDA:146,4,0,2
BRDA:146,4,1,0
BRDA:154,5,0,2
BRDA:154,5,1,0
BRDA:162,6,0,3
BRDA:162,6,1,0
BRDA:170,7,0,7
BRDA:170,7,1,2
BRDA:172,8,0,7
BRDA:172,8,1,0
BRDA:201,9,0,2
BRDA:201,9,1,0
BRDA:201,10,0,2
BRDA:201,10,1,0
BRDA:201,11,0,2
BRDA:201,11,1,0
BRDA:203,12,0,2
BRDA:203,12,1,0
BRDA:238,13,0,1
BRDA:238,13,1,0
BRDA:238,14,0,1
BRDA:238,14,1,0
BRDA:238,15,0,1
BRDA:238,15,1,0
BRDA:243,16,0,1
BRDA:243,16,1,0
BRDA:244,17,0,1
BRDA:244,17,1,0
BRDA:245,18,0,1
BRDA:245,18,1,0
BRDA:246,19,0,1
BRDA:246,19,1,0
BRDA:280,20,0,0
BRDA:280,20,1,1
BRDA:286,21,0,0
BRDA:286,21,1,0
BRDA:289,22,0,0
BRDA:289,22,1,0
BRDA:306,23,0,0
BRDA:306,23,1,0
BRDA:322,24,0,0
BRDA:322,24,1,0
BRDA:329,25,0,0
BRDA:329,25,1,0
BRDA:333,26,0,0
BRDA:333,26,1,0
BRDA:348,27,0,0
BRDA:348,27,1,0
BRDA:356,28,0,0
BRDA:356,28,1,0
BRDA:356,29,0,0
BRDA:356,29,1,0
BRDA:361,30,0,0
BRDA:361,30,1,0
BRDA:402,31,0,0
BRDA:402,31,1,0
BRDA:404,32,0,0
BRDA:404,32,1,0
BRDA:430,33,0,1
BRDA:430,33,1,0
BRDA:432,34,0,1
BRDA:432,34,1,0
BRDA:443,35,0,0
BRDA:443,35,1,0
BRDA:445,36,0,0
BRDA:445,36,1,0
BRDA:458,37,0,0
BRDA:458,37,1,0
BRDA:460,38,0,0
BRDA:460,38,1,0
BRDA:469,39,0,0
BRDA:469,39,1,0
BRDA:471,40,0,0
BRDA:471,40,1,0
BRDA:480,41,0,0
BRDA:480,41,1,0
BRDA:482,42,0,0
BRDA:482,42,1,0
BRDA:492,43,0,0
BRDA:492,43,1,0
BRDA:494,44,0,0
BRDA:494,44,1,0
BRDA:503,45,0,0
BRDA:503,45,1,0
BRDA:505,46,0,0
BRDA:505,46,1,0
BRDA:516,47,0,0
BRDA:516,47,1,0
BRDA:528,48,0,0
BRDA:528,48,1,0
BRDA:530,49,0,0
BRDA:530,49,1,0
BRDA:542,50,0,0
BRDA:542,50,1,0
BRDA:544,51,0,0
BRDA:544,51,1,0
BRF:102
BRH:23
end_of_record
