TN:
SF:C:\Users\pedro\Documents\GitHub\hesty-contract\contracts\Constants.sol
FNF:0
FNH:0
LF:0
LH:0
BRF:0
BRH:0
end_of_record
TN:
SF:C:\Users\pedro\Documents\GitHub\hesty-contract\contracts\HestyAccessControl.sol
FN:28,constructor
FN:38,onlyAdminManager
FN:43,onlyBlackListManager
FN:48,onlyKYCManager
FN:53,onlyPauserManager
FN:69,onlyAdmin
FN:77,blacklistUser
FN:88,unBlacklistUser
FN:99,approveUserKYC
FN:110,revertUserKYC
FN:121,pause
FN:130,unpause
FN:146,paused
FNF:13
FNH:13
FNDA:120,constructor
FNDA:4,onlyAdminManager
FNDA:28,onlyBlackListManager
FNDA:21,onlyKYCManager
FNDA:16,onlyPauserManager
FNDA:2,onlyAdmin
FNDA:8,blacklistUser
FNDA:6,unBlacklistUser
FNDA:7,approveUserKYC
FNDA:5,revertUserKYC
FNDA:5,pause
FNDA:3,unpause
FNDA:29,paused
DA:39,4
DA:40,2
DA:44,28
DA:45,14
DA:49,21
DA:50,12
DA:54,16
DA:55,8
DA:78,8
DA:79,7
DA:89,6
DA:90,4
DA:100,7
DA:101,6
DA:111,5
DA:112,3
DA:122,5
DA:131,3
DA:147,29
LF:19
LH:19
BRDA:39,1,0,2
BRDA:39,1,1,2
BRDA:44,2,0,14
BRDA:44,2,1,14
BRDA:49,3,0,12
BRDA:49,3,1,9
BRDA:54,4,0,8
BRDA:54,4,1,8
BRDA:69,5,0,2
BRDA:69,5,1,2
BRDA:77,6,0,8
BRDA:77,6,1,10
BRDA:78,7,0,7
BRDA:78,7,1,1
BRDA:88,8,0,6
BRDA:88,8,1,4
BRDA:89,9,0,4
BRDA:89,9,1,2
BRDA:99,10,0,7
BRDA:99,10,1,6
BRDA:100,11,0,6
BRDA:100,11,1,1
BRDA:110,12,0,5
BRDA:110,12,1,3
BRDA:111,13,0,3
BRDA:111,13,1,2
BRDA:121,14,0,5
BRDA:121,14,1,6
BRDA:130,15,0,3
BRDA:130,15,1,2
BRF:30
BRH:30
end_of_record
TN:
SF:C:\Users\pedro\Documents\GitHub\hesty-contract\contracts\HestyRouter.sol
FN:34,onlyAdmin
FN:39,onlyBlackListManager
FN:44,onlyKYCManager
FN:49,onlyPauserManager
FN:57,constructor
FN:68,adminDistribution
FN:78,offChainBuyTokens
FN:82,revertUserBuyTokens
FNF:8
FNH:0
FNDA:0,onlyAdmin
FNDA:0,onlyBlackListManager
FNDA:0,onlyKYCManager
FNDA:0,onlyPauserManager
FNDA:0,constructor
FNDA:0,adminDistribution
FNDA:0,offChainBuyTokens
FNDA:0,revertUserBuyTokens
DA:35,0
DA:36,0
DA:40,0
DA:41,0
DA:45,0
DA:46,0
DA:50,0
DA:51,0
DA:58,0
DA:59,0
DA:69,0
DA:79,0
LF:12
LH:0
BRDA:40,1,0,0
BRDA:40,1,1,0
BRDA:45,2,0,0
BRDA:45,2,1,0
BRDA:50,3,0,0
BRDA:50,3,1,0
BRDA:68,4,0,0
BRDA:68,4,1,0
BRDA:78,5,0,0
BRDA:78,5,1,0
BRDA:82,6,0,0
BRDA:82,6,1,0
BRF:12
BRH:0
end_of_record
TN:
SF:C:\Users\pedro\Documents\GitHub\hesty-contract\contracts\interfaces\IHestyAccessControl.sol
FNF:0
FNH:0
LF:0
LH:0
BRF:0
BRH:0
end_of_record
TN:
SF:C:\Users\pedro\Documents\GitHub\hesty-contract\contracts\interfaces\IReferral.sol
FNF:0
FNH:0
LF:0
LH:0
BRF:0
BRH:0
end_of_record
TN:
SF:C:\Users\pedro\Documents\GitHub\hesty-contract\contracts\interfaces\ITokenFactory.sol
FNF:0
FNH:0
LF:0
LH:0
BRF:0
BRH:0
end_of_record
TN:
SF:C:\Users\pedro\Documents\GitHub\hesty-contract\contracts\PropertyToken.sol
FN:40,onlyPauser
FN:45,onlyBlackLister
FN:50,whenNotBlackListed
FN:55,whenKYCApproved
FN:60,whenNotAllPaused
FN:87,constructor
FN:108,distributionRewards
FN:124,claimDividensExternal
FN:148,claimDividends
FN:173,transfer
FN:196,transferFrom
FN:203,pause
FN:207,unpause
FNF:13
FNH:0
FNDA:0,onlyPauser
FNDA:0,onlyBlackLister
FNDA:0,whenNotBlackListed
FNDA:0,whenKYCApproved
FNDA:0,whenNotAllPaused
FNDA:0,constructor
FNDA:0,distributionRewards
FNDA:0,claimDividensExternal
FNDA:0,claimDividends
FNDA:0,transfer
FNDA:0,transferFrom
FNDA:0,pause
FNDA:0,unpause
DA:41,0
DA:42,0
DA:46,0
DA:47,0
DA:51,0
DA:52,0
DA:56,0
DA:57,0
DA:61,0
DA:62,0
DA:90,0
DA:92,0
DA:93,0
DA:110,0
DA:112,0
DA:114,0
DA:116,0
DA:125,0
DA:150,0
DA:151,0
DA:153,0
DA:154,0
DA:155,0
DA:175,0
DA:176,0
DA:177,0
DA:198,0
DA:199,0
DA:200,0
DA:204,0
DA:208,0
LF:31
LH:0
BRDA:41,1,0,0
BRDA:41,1,1,0
BRDA:46,2,0,0
BRDA:46,2,1,0
BRDA:51,3,0,0
BRDA:51,3,1,0
BRDA:56,4,0,0
BRDA:56,4,1,0
BRDA:61,5,0,0
BRDA:61,5,1,0
BRDA:110,6,0,0
BRDA:110,6,1,0
BRDA:114,7,0,0
BRDA:114,7,1,0
BRDA:153,8,0,0
BRDA:153,8,1,0
BRDA:155,9,0,0
BRDA:155,9,1,0
BRDA:173,10,0,0
BRDA:173,10,1,0
BRDA:173,11,0,0
BRDA:173,11,1,0
BRDA:173,12,0,0
BRDA:173,12,1,0
BRDA:196,13,0,0
BRDA:196,13,1,0
BRDA:196,14,0,0
BRDA:196,14,1,0
BRDA:196,15,0,0
BRDA:196,15,1,0
BRDA:203,16,0,0
BRDA:203,16,1,0
BRDA:207,17,0,0
BRDA:207,17,1,0
BRF:34
BRH:0
end_of_record
TN:
SF:C:\Users\pedro\Documents\GitHub\hesty-contract\contracts\Referral\ReferralSystem.sol
FN:29,constructor
FN:37,whenNotAllPaused
FN:42,whenKYCApproved
FN:47,whenNotBlackListed
FN:55,onlyAdmin
FN:67,addRewards
FN:82,addGlobalRewards
FN:98,claimPropertyRewards
FN:109,claimGlobalRewards
FN:123,getReferrerDetails
FN:127,setRewardToken
FNF:11
FNH:1
FNDA:60,constructor
FNDA:0,whenNotAllPaused
FNDA:0,whenKYCApproved
FNDA:0,whenNotBlackListed
FNDA:0,onlyAdmin
FNDA:0,addRewards
FNDA:0,addGlobalRewards
FNDA:0,claimPropertyRewards
FNDA:0,claimGlobalRewards
FNDA:0,getReferrerDetails
FNDA:0,setRewardToken
DA:30,60
DA:31,60
DA:32,60
DA:33,60
DA:38,0
DA:39,0
DA:43,0
DA:44,0
DA:48,0
DA:49,0
DA:56,0
DA:57,0
DA:69,0
DA:71,0
DA:72,0
DA:73,0
DA:76,0
DA:77,0
DA:78,0
DA:84,0
DA:85,0
DA:88,0
DA:89,0
DA:90,0
DA:93,0
DA:100,0
DA:102,0
DA:103,0
DA:105,0
DA:112,0
DA:113,0
DA:115,0
DA:124,0
DA:128,0
LF:34
LH:4
BRDA:38,1,0,0
BRDA:38,1,1,0
BRDA:43,2,0,0
BRDA:43,2,1,0
BRDA:48,3,0,0
BRDA:48,3,1,0
BRDA:67,4,0,0
BRDA:67,4,1,0
BRDA:69,5,0,0
BRDA:69,5,1,0
BRDA:71,6,0,0
BRDA:71,6,1,0
BRDA:82,7,0,0
BRDA:82,7,1,0
BRDA:85,8,0,0
BRDA:85,8,1,0
BRDA:88,9,0,0
BRDA:88,9,1,0
BRDA:98,10,0,0
BRDA:98,10,1,0
BRDA:98,11,0,0
BRDA:98,11,1,0
BRDA:98,12,0,0
BRDA:98,12,1,0
BRDA:98,13,0,0
BRDA:98,13,1,0
BRDA:100,14,0,0
BRDA:100,14,1,0
BRDA:109,15,0,0
BRDA:109,15,1,0
BRDA:109,16,0,0
BRDA:109,16,1,0
BRDA:109,17,0,0
BRDA:109,17,1,0
BRDA:109,18,0,0
BRDA:109,18,1,0
BRDA:127,19,0,0
BRDA:127,19,1,0
BRF:38
BRH:0
end_of_record
TN:
SF:C:\Users\pedro\Documents\GitHub\hesty-contract\contracts\TokenFactory.sol
FN:94,constructor
FN:120,onlyAdmin
FN:128,onlyWhenInitialized
FN:136,whenNotBlackListed
FN:144,whenKYCApproved
FN:152,whenNotAllPaused
FN:161,initialize
FN:192,createProperty
FN:229,buyTokens
FN:270,referralRewards
FN:297,distributeRevenue
FN:313,claimInvestmentreturns
FN:320,recoverFundsInvested
FN:339,adminDistributeRevenue
FN:347,adminBuyTokens
FN:375,isRefClaimable
FN:380,getPropertyToken
FN:394,completeRaise
FN:422,approveProperty
FN:435,giveUpOnProperty
FN:448,setPlatformFee
FN:459,setRefFee
FN:470,setNewPropertyOwnerReceiverAddress
FN:482,extendRaiseForProperty
FN:493,setMinInvAmount
FN:506,setMaxNumberOfReferrals
FN:518,setTreasury
FN:532,setReferralContract
FNF:28
FNH:3
FNDA:60,constructor
FNDA:2,onlyAdmin
FNDA:0,onlyWhenInitialized
FNDA:0,whenNotBlackListed
FNDA:0,whenKYCApproved
FNDA:0,whenNotAllPaused
FNDA:1,initialize
FNDA:0,createProperty
FNDA:0,buyTokens
FNDA:0,referralRewards
FNDA:0,distributeRevenue
FNDA:0,claimInvestmentreturns
FNDA:0,recoverFundsInvested
FNDA:0,adminDistributeRevenue
FNDA:0,adminBuyTokens
FNDA:0,isRefClaimable
FNDA:0,getPropertyToken
FNDA:0,completeRaise
FNDA:0,approveProperty
FNDA:0,giveUpOnProperty
FNDA:0,setPlatformFee
FNDA:0,setRefFee
FNDA:0,setNewPropertyOwnerReceiverAddress
FNDA:0,extendRaiseForProperty
FNDA:0,setMinInvAmount
FNDA:0,setMaxNumberOfReferrals
FNDA:0,setTreasury
FNDA:0,setReferralContract
DA:103,60
DA:104,60
DA:105,60
DA:106,60
DA:107,60
DA:108,60
DA:109,60
DA:110,60
DA:111,60
DA:112,60
DA:113,60
DA:121,2
DA:122,1
DA:129,0
DA:130,0
DA:137,0
DA:138,0
DA:145,0
DA:146,0
DA:153,0
DA:154,0
DA:163,1
DA:165,1
DA:166,1
DA:194,0
DA:196,0
DA:203,0
DA:217,0
DA:218,0
DA:231,0
DA:234,0
DA:235,0
DA:236,0
DA:237,0
DA:242,0
DA:243,0
DA:244,0
DA:247,0
DA:250,0
DA:253,0
DA:254,0
DA:257,0
DA:259,0
DA:260,0
DA:262,0
DA:264,0
DA:265,0
DA:267,0
DA:271,0
DA:273,0
DA:275,0
DA:277,0
DA:280,0
DA:283,0
DA:284,0
DA:299,0
DA:301,0
DA:302,0
DA:303,0
DA:305,0
DA:315,0
DA:317,0
DA:322,0
DA:324,0
DA:326,0
DA:327,0
DA:329,0
DA:340,0
DA:341,0
DA:342,0
DA:343,0
DA:349,0
DA:350,0
DA:353,0
DA:356,0
DA:358,0
DA:360,0
DA:361,0
DA:363,0
DA:376,0
DA:381,0
DA:396,0
DA:398,0
DA:401,0
DA:402,0
DA:404,0
DA:405,0
DA:408,0
DA:409,0
DA:413,0
DA:414,0
DA:424,0
DA:426,0
DA:427,0
DA:437,0
DA:439,0
DA:440,0
DA:450,0
DA:451,0
DA:461,0
DA:462,0
DA:472,0
DA:473,0
DA:475,0
DA:484,0
DA:485,0
DA:495,0
DA:496,0
DA:498,0
DA:508,0
DA:510,0
DA:520,0
DA:521,0
DA:523,0
DA:534,0
DA:535,0
DA:537,0
LF:117
LH:16
BRDA:103,1,0,60
BRDA:103,1,1,0
BRDA:104,2,0,60
BRDA:104,2,1,0
BRDA:129,3,0,0
BRDA:129,3,1,0
BRDA:137,4,0,0
BRDA:137,4,1,0
BRDA:145,5,0,0
BRDA:145,5,1,0
BRDA:153,6,0,0
BRDA:153,6,1,0
BRDA:161,7,0,1
BRDA:161,7,1,1
BRDA:163,8,0,1
BRDA:163,8,1,0
BRDA:192,9,0,0
BRDA:192,9,1,0
BRDA:192,10,0,0
BRDA:192,10,1,0
BRDA:194,11,0,0
BRDA:194,11,1,0
BRDA:229,12,0,0
BRDA:229,12,1,0
BRDA:229,13,0,0
BRDA:229,13,1,0
BRDA:229,14,0,0
BRDA:229,14,1,0
BRDA:234,15,0,0
BRDA:234,15,1,0
BRDA:235,16,0,0
BRDA:235,16,1,0
BRDA:236,17,0,0
BRDA:236,17,1,0
BRDA:237,18,0,0
BRDA:237,18,1,0
BRDA:271,19,0,0
BRDA:271,19,1,0
BRDA:277,20,0,0
BRDA:277,20,1,0
BRDA:280,21,0,0
BRDA:280,21,1,0
BRDA:297,22,0,0
BRDA:297,22,1,0
BRDA:313,23,0,0
BRDA:313,23,1,0
BRDA:320,24,0,0
BRDA:320,24,1,0
BRDA:324,25,0,0
BRDA:324,25,1,0
BRDA:339,26,0,0
BRDA:339,26,1,0
BRDA:347,27,0,0
BRDA:347,27,1,0
BRDA:353,28,0,0
BRDA:353,28,1,0
BRDA:394,29,0,0
BRDA:394,29,1,0
BRDA:396,30,0,0
BRDA:396,30,1,0
BRDA:422,31,0,0
BRDA:422,31,1,0
BRDA:424,32,0,0
BRDA:424,32,1,0
BRDA:435,33,0,0
BRDA:435,33,1,0
BRDA:437,34,0,0
BRDA:437,34,1,0
BRDA:448,35,0,0
BRDA:448,35,1,0
BRDA:450,36,0,0
BRDA:450,36,1,0
BRDA:459,37,0,0
BRDA:459,37,1,0
BRDA:461,38,0,0
BRDA:461,38,1,0
BRDA:470,39,0,0
BRDA:470,39,1,0
BRDA:472,40,0,0
BRDA:472,40,1,0
BRDA:482,41,0,0
BRDA:482,41,1,0
BRDA:484,42,0,0
BRDA:484,42,1,0
BRDA:493,43,0,0
BRDA:493,43,1,0
BRDA:495,44,0,0
BRDA:495,44,1,0
BRDA:506,45,0,0
BRDA:506,45,1,0
BRDA:518,46,0,0
BRDA:518,46,1,0
BRDA:520,47,0,0
BRDA:520,47,1,0
BRDA:532,48,0,0
BRDA:532,48,1,0
BRDA:534,49,0,0
BRDA:534,49,1,0
BRF:98
BRH:5
end_of_record
